0.45
0.42
0.37
0.47
0.36
0.34
0.29
0.34
0.51
0.18
0.35
0.37
0.38
0.19
0.26
0.16
0.17
0.28
0.11
0.11
0.53
0.26
0.17
0.17
0.25
0.18
0.17
0.24
0.25
0.33
0.19
0.42
0.19
0.18
0.26
0.23
0.16
0.47
0.26
0.18
0.18
0.26
0.16
0.16
0.31
0.27
0.36
0.27
0.26
0.25
0.20
0.26
0.19
0.21
0.35
0.33
0.26
0.27
0.39
0.38
0.35
0.30
0.19
0.35
0.26
0.17
0.21
0.30
0.33
0.17
0.22
0.41
0.24
0.21
0.26
0.36
0.32
0.24
0.24
0.17
0.35
0.27
0.17
0.23
0.27
0.24
0.23
0.26
0.41
0.18
0.21
0.32
0.24
0.29
0.13
0.25
0.21
0.30
0.28
0.27
0.25
0.44
0.42
0.44
0.48
0.40
0.20
0.26
0.29
0.29
0.31
0.39
0.41
0.18
0.39
0.38
0.42
0.21
0.24
0.17
0.18
0.32
0.42
0.28
0.30
0.32
0.34
0.29
0.31
0.35
0.42
0.46
0.24
0.24
0.28
0.29
0.29
0.37
0.40
0.47
0.28
0.24
0.28
0.25
0.19
0.25
0.17
0.23
0.36
0.27
0.23
0.27
0.24
0.27
0.24
0.34
0.36
0.41
0.25
0.27
0.28
0.34
0.36
0.27
0.26
0.43
0.27
0.17
0.24
0.29
0.24
0.31
0.25
0.42
0.39
0.53
0.52
0.43
0.52
0.52
0.54
0.44
0.29
0.19
0.22
0.20
0.18
0.26
0.23
0.41
0.28
0.25
0.28
0.17
0.16
0.24
0.18
0.17
0.42
0.45
0.21
0.23
0.28
0.26
0.39
0.38
0.27
0.23
0.23
0.21
0.20
0.31
0.32
0.43
0.42
0.70
0.66
0.67
0.62
0.37
0.34
0.37
0.54
0.34
0.47
0.34
0.28
0.47
0.34
0.27
0.22
0.22
0.17
0.24
0.46
0.22
0.24
0.16
0.49
0.46
0.46
0.50
0.36
0.31
0.48
0.55
0.52
0.56
0.56
0.41
0.24
0.17
0.20
0.29
0.37
0.37
0.31
0.20
0.17
0.24
0.24
0.33
0.20
0.32
0.38
0.42
0.28
0.23
0.24
0.24
0.36
0.19
0.45
0.25
0.30
0.25
0.27
0.32
0.31
0.30
0.35
0.27
0.26
0.42
0.32
0.33
0.33
0.36
0.16
0.28
0.31
0.27
0.28
0.23
0.31
0.29
0.28
0.25
0.20
0.25
0.38
0.32
0.18
0.25
0.25
0.17
0.21
0.24
0.40
0.30
0.40
0.23
0.18
0.32
0.33
0.31
0.20
0.40
0.17
0.19
0.25
0.26
0.20
0.26
0.37
0.27
0.31
0.28
0.20
0.18
0.24
0.24
0.22
0.22
0.40
0.21
0.39
0.26
0.16
0.22
0.27
0.30
0.29
0.44
0.24
0.25
0.24
0.28
0.29
0.21
0.32
0.27
0.30
0.30
0.28
0.31
0.35
0.30
0.28
0.36
0.33
0.36
0.32
0.20
0.23
0.18
0.17
0.23
0.40
0.25
0.25
0.25
0.16
0.25
0.26
0.16
0.37
0.40
0.18
0.17
0.25
0.14
0.51
0.42
0.49
0.38
0.50
0.31
0.18
0.24
0.24
0.18
0.16
0.24
0.16
0.40
0.26
0.34
0.27
0.18
0.24
0.15
0.26
0.24
0.22
0.19
0.20
0.24
0.17
0.16
0.23
0.23
0.52
0.29
0.30
0.24
0.33
0.26
0.16
0.19
0.23
0.31
0.18
0.23
0.24
0.18
0.17
0.24
0.21
0.46
0.27
0.25
0.16
0.20
0.23
0.18
0.19
0.24
0.40
0.17
0.31
0.26
0.26
0.18
0.31
0.23
0.47
0.31
0.25
0.20
0.30
0.27
0.19
0.24
0.25
0.33
0.26
0.31
0.33
0.23
0.25
0.24
0.26
0.30
0.34
0.31
0.35
0.37
0.34
0.21
0.41
0.38
0.40
0.32
0.35
0.30
0.39
0.38
0.32
0.23
0.25
0.53
0.25
0.32
0.32
0.31
0.38
0.34
0.45
0.39
0.49
0.26
0.44
0.43
0.23
0.27
0.23
0.34
0.45
0.50
0.43
0.47
0.44
0.19
0.31
0.24
0.17
0.26
0.23
0.17
0.49
0.47
0.47
0.44
0.43
0.54
0.45
0.59
0.26
0.23
0.17
0.26
0.24
0.18
0.22
0.24
0.36
0.17
0.25
0.28
0.17
0.49
0.54
0.28
0.48
0.42
0.33
0.37
0.18
0.25
0.20
0.30
0.28
0.43
0.19
0.25
0.16
0.19
0.24
0.20
0.19
0.39
0.37
0.25
0.48
0.39
0.45
0.44
0.44
0.44
0.42
0.44
0.41
0.42
0.54
0.48
0.21
0.25
0.35
0.18
0.24
0.36
0.18
0.23
0.54
0.34
0.16
0.16
0.17
0.17
0.16
0.24
0.16
0.38
0.25
0.16
0.17
0.23
0.18
0.20
0.25
0.16
0.27
0.49
0.41
0.43
0.55
0.19
0.40
0.45
0.43
0.44
0.51
0.22
0.20
0.18
0.18
0.24
0.17
0.18
0.30
0.48
0.25
0.30
0.32
0.18
0.23
0.18
0.16
0.32
0.33
0.21
0.17
0.27
0.46
0.17
0.19
0.23
0.44
0.17
0.25
0.18
0.16
0.25
0.28
0.66
0.20
0.18
0.16
0.17
0.16
0.39
0.51
0.19
0.36
0.55
0.55
0.50
0.34
0.48
0.26
0.21
0.16
0.21
0.21
0.16
0.19
0.35
0.28
0.22
0.46
0.53
0.32
0.53
0.28
0.17
0.20
0.28
0.34
0.54
0.36
0.18
0.45
0.30
0.25
0.34
0.18
0.18
0.23
0.36
0.17
0.45
0.19
0.17
0.23
0.19
0.16
0.26
0.18
0.15
0.41
0.27
0.46
0.21
0.29
0.24
0.33
0.53
0.34
0.17
0.37
0.52
0.48
0.42
0.36
0.18
0.16
0.25
0.17
0.17
0.18
0.17
0.48
0.18
0.17
0.24
0.18
0.15
0.25
0.17
0.21
0.32
0.17
0.25
0.18
0.27
0.27
0.47
0.43
0.41
0.32
0.36
0.28
0.17
0.18
0.24
0.17
0.26
0.37
0.31
0.33
0.34
0.17
0.27
0.18
0.16
0.37
0.18
0.16
0.26
0.17
0.18
0.39
0.48
0.29
0.48
0.18
0.43
0.24
0.18
0.15
0.16
0.17
0.43
0.17
0.15
0.24
0.16
0.17
0.33
0.28
0.29
0.40
0.17
0.16
0.18
0.19
0.17
0.17
0.25
0.38
0.21
0.23
0.21
0.17
0.18
0.17
0.16
0.17
0.40
0.24
0.16
0.16
0.25
0.19
0.16
0.24
0.34
0.20
0.40
0.48
0.44
0.22
0.18
0.17
0.41
0.23
0.25
0.16
0.16
0.26
0.18
0.16
0.25
0.38
0.18
0.45
0.54
0.29
0.41
0.35
0.43
0.17
0.37
0.24
0.28
0.27
0.47
0.48
0.28
0.44
0.17
0.18
0.24
0.50
0.48
0.27
0.16
0.18
0.17
0.16
0.25
0.17
0.16
0.42
0.17
0.16
0.15
0.17
0.17
0.25
0.15
0.42
0.47
0.48
0.37
0.17
0.42
0.42
0.25
0.30
0.44
0.16
0.16
0.24
0.16
0.40
0.30
0.40
0.34
0.24
0.18
0.18
0.65
0.24
0.17
0.19
0.17
0.15
0.17
0.17
0.22
0.42
0.18
0.25
0.16
0.18
0.25
0.49
0.20
0.23
0.28
0.41
0.25
0.15
0.15
0.25
0.16
0.15
0.18
0.35
0.59
0.28
0.18
0.24
0.28
0.42
0.30
0.16
0.19
0.24
0.16
0.39
0.32
0.53
0.18
0.50
0.38
0.34
0.18
0.18
0.18
0.38
0.51
0.48
0.45
0.49
0.27
0.17
0.44
0.49
0.36
0.47
0.54
0.53
0.54
0.44
0.37
0.48
0.26
0.48
0.17
0.18
0.18
0.16
0.17
0.16
0.17
0.29
0.31
0.30
0.17
0.30
0.35
0.20
0.17
0.25
0.47
0.16
0.23
0.18
0.18
0.24
0.15
0.17
0.24
0.24
0.16
0.19
0.17
0.16
0.19
0.16
0.22
0.39
0.18
0.25
0.17
0.17
0.25
0.26
0.16
0.25
0.27
0.16
0.25
0.17
0.16
0.25
0.17
0.16
0.40
0.51
0.22
0.18
0.28
0.25
0.15
0.15
0.25
0.29
0.29
0.24
0.15
0.16
0.25
0.17
0.15
0.20
0.46
0.16
0.21
0.17
0.16
0.16
0.16
0.25
0.23
0.23
0.25
0.17
0.17
0.25
0.17
0.17
0.25
0.41
0.18
0.23
0.17
0.17
0.18
0.16
0.18
0.17
0.22
0.24
0.17
0.16
0.25
0.24
0.18
0.25
0.39
0.17
0.25
0.16
0.17
0.24
0.16
0.17
0.23
0.21
0.16
0.18
0.17
0.16
0.17
0.16
0.23
0.39
0.17
0.25
0.16
0.18
0.24
0.17
0.18
0.36
0.31
0.18
0.27
0.16
0.17
0.27
0.17
0.16
0.40
0.16
0.23
0.18
0.17
0.24
0.16
0.18
0.39
0.22
0.18
0.28
0.37
0.49
0.48
0.43
0.24
0.41
0.16
0.17
0.17
0.17
0.24
0.15
0.18
0.34
0.21
0.24
0.24
0.17
0.18
0.23
0.15
0.21
0.52
0.49
0.49
0.46
0.48
0.48
0.45
0.51
0.51
0.30
0.27
0.32
0.26
0.20
0.49
0.31
0.29
0.47
0.23
0.29
0.37
0.30
0.26
0.31
0.18
0.47
0.28
0.32
0.29
0.28
0.26
0.26
0.28
0.16
0.39
0.18
0.25
0.31
0.29
0.18
0.25
0.28
0.38
0.35
0.30
0.32
0.30
0.29
0.30
0.34
0.29
0.43
0.16
0.37
0.25
0.17
0.32
0.32
0.18
0.41
0.26
0.18
0.16
0.23
0.18
0.15
0.19
0.30
0.41
0.32
0.17
0.28
0.35
0.26
0.40
0.18
0.42
0.30
0.17
0.26
0.42
0.43
0.29
0.54
0.37
0.49
0.48
0.53
0.39
0.29
0.48
0.27
0.19
0.17
0.23
0.18
0.16
0.23
0.19
0.43
0.25
0.18
0.17
0.25
0.28
0.18
0.25
0.21
0.29
0.35
0.39
0.46
0.44
0.52
0.32
0.19
0.16
0.30
0.32
0.28
0.40
0.40
0.36
0.32
0.39
0.37
0.37
0.43
0.23
0.26
0.16
0.25
0.27
0.25
0.25
0.46
0.33
0.18
0.18
0.17
0.25
0.17
0.17
0.27
0.46
0.22
0.31
0.16
0.21
0.30
0.37
0.18
0.38
0.23
0.17
0.47
0.27
0.53
0.19
0.16
0.26
0.18
0.17
0.25
0.16
0.18
0.43
0.23
0.28
0.24
0.32
0.17
0.17
0.24
0.36
0.17
0.25
0.26
0.16
0.22
0.36
0.21
0.45
0.30
0.23
0.16
0.24
0.23
0.18
0.17
0.23
0.48
0.19
0.23
0.32
0.19
0.24
0.26
0.16
0.29
0.33
0.16
0.17
0.25
0.23
0.18
0.24
0.23
0.42
0.34
0.30
0.18
0.17
0.23
0.18
0.16
0.23
0.29
0.15
0.25
0.23
0.17
0.25
0.22
0.16
0.41
0.25
0.16
0.19
0.25
0.21
0.17
0.23
0.23
0.21
0.47
0.52
0.46
0.40
0.40
0.46
0.47
0.39
0.54
0.45
0.35
0.24
0.44
0.49
0.27
0.42
0.21
0.24
0.17
0.16
0.24
0.19
0.16
0.40
0.21
0.16
0.48
0.21
0.15
0.21
0.17
0.15
0.18
0.16
0.18
0.41
0.16
0.23
0.18
0.17
0.24
0.18
0.16
0.44
0.21
0.16
0.23
0.17
0.17
0.25
0.16
0.16
0.49
0.17
0.16
0.17
0.16
0.16
0.34
0.31
0.27
0.26
0.17
0.17
0.25
0.16
0.24
0.17
0.16
0.47
0.41
0.40
0.56
0.44
0.39
0.38
0.38
0.38
0.39
0.45
0.18
0.18
0.16
0.32
0.20
0.47
0.27
0.16
0.16
0.29
0.20
0.26
0.36
0.22
0.22
0.24
0.31
0.44
0.37
0.34
0.17
0.16
0.16
0.21
0.24
0.37
0.40
0.38
0.28
0.44
0.53
0.53
0.45
0.40
0.25
0.20
0.25
0.25
0.40
0.40
0.27
0.24
0.16
0.22
0.18
0.33
0.46
0.39
0.44
0.47
0.52
0.44
0.47
0.28
0.41
0.26
0.27
0.24
0.20
0.50
0.36
0.20
0.44
0.25
0.15
0.22
0.25
0.17
0.16
0.23
0.17
0.38
0.41
0.52
0.27
0.24
0.17
0.31
0.26
0.23
0.31
0.20
0.36
0.27
0.25
0.45
0.51
0.49
0.48
0.26
0.31
0.21
0.24
0.18
0.16
0.23
0.16
0.44
0.20
0.23
0.19
0.17
0.16
0.16
0.16
0.40
0.25
0.16
0.18
0.24
0.17
0.19
0.23
0.16
0.44
0.24
0.15
0.17
0.19
0.32
0.15
0.16
0.29
0.25
0.17
0.19
0.25
0.16
0.17
0.24
0.17
0.41
0.24
0.24
0.17
0.25
0.17
0.15
0.25
0.26
0.21
0.19
0.17
0.19
0.17
0.18
0.21
0.16
0.40
0.23
0.18
0.16
0.30
0.17
0.26
0.35
0.35
0.41
0.48
0.20
0.18
0.23
0.55
0.29
0.43
0.51
0.37
0.34
0.38
0.43
0.41
0.30
0.31
0.22
0.49
0.26
0.32
0.22
0.29
0.53
0.52
0.45
0.48
0.36
0.25
0.19
0.47
0.28
0.16
0.23
0.18
0.48
0.34
0.33
0.19
0.41
0.33
0.36
0.32
0.18
0.39
0.24
0.41
0.46
0.48
0.38
0.28
0.26
0.39
0.30
0.30
0.19
0.29
0.27
0.25
0.24
0.18
0.40
0.27
0.18
0.16
0.24
0.16
0.16
0.22
0.41
0.27
0.22
0.42
0.26
0.27
0.24
0.24
0.16
0.37
0.25
0.28
0.17
0.23
0.26
0.23
0.33
0.41
0.28
0.32
0.26
0.38
0.28
0.30
0.39
0.39
0.35
0.32
0.21
0.29
0.31
0.16
0.17
0.25
0.38
0.18
0.25
0.17
0.14
0.25
0.23
0.29
0.25
0.26
0.30
0.25
0.24
0.16
0.23
0.24
0.18
0.40
0.25
0.18
0.16
0.24
0.18
0.15
0.31
0.25
0.22
0.18
0.23
0.16
0.18
0.17
0.25
0.16
0.40
0.24
0.25
0.16
0.18
0.26
0.18
0.18
0.26
0.27
0.25
0.21
0.24
0.17
0.18
0.23
0.18
0.39
0.24
0.19
0.17
0.23
0.18
0.25
0.28
0.22
0.46
0.27
0.32
0.28
0.18
0.24
0.17
0.19
0.46
0.32
0.32
0.25
0.17
0.18
0.25
0.15
0.24
0.42
0.16
0.15
0.21
0.17
0.17
0.19
0.18
0.42
0.29
0.34
0.25
0.17
0.19
0.25
0.16
0.26
0.43
0.17
0.16
0.23
0.17
0.16
0.27
0.17
0.34
0.21
0.18
0.16
0.16
0.19
0.19
0.17
0.32
0.42
0.16
0.16
0.32
0.17
0.16
0.23
0.18
0.34
0.28
0.18
0.16
0.17
0.17
0.16
0.17
0.33
0.40
0.19
0.17
0.23
0.17
0.16
0.29
0.20
0.30
0.31
0.19
0.17
0.25
0.18
0.17
0.30
0.34
0.37
0.18
0.16
0.16
0.16
0.17
0.16
0.19
0.25
0.41
0.18
0.18
0.31
0.18
0.28
0.22
0.30
0.37
0.30
0.35
0.38
0.20
0.26
0.18
0.24
0.25
0.44
0.31
0.27
0.25
0.29
0.18
0.23
0.34
0.17
0.32
0.27
0.28
0.30
0.26
0.35
0.35
0.40
0.43
0.22
0.34
0.25
0.25
0.30
0.37
0.37
0.19
0.49
0.35
0.22
0.35
0.27
0.33
0.36
0.22
0.48
0.29
0.33
0.33
0.29
0.16
0.15
0.34
0.22
0.43
0.45
0.29
0.28
0.27
0.26
0.26
0.21
0.42
0.30
0.26
0.18
0.28
0.18
0.47
0.37
0.27
0.40
0.19
0.26
0.27
0.28
0.41
0.32
0.33
0.26
0.35
0.23
0.17
0.30
0.16
0.31
0.38
0.17
0.37
0.25
0.16
0.27
0.20
0.26
0.35
0.37
0.29
0.42
0.17
0.16
0.34
0.28
0.29
0.44
0.20
0.29
0.32
0.18
0.29
0.38
0.16
0.18
0.32
0.23
0.42
0.32
0.33
0.27
0.18
0.16
0.36
0.17
0.30
0.20
0.32
0.26
0.27
0.31
0.28
0.32
0.17
0.43
0.30
0.16
0.16
0.25
0.24
0.37
0.26
0.32
0.32
0.19
0.18
0.17
0.18
0.25
0.18
0.16
0.37
0.23
0.23
0.29
0.25
0.16
0.35
0.27
0.18
0.43
0.24
0.22
0.19
0.32
0.32
0.24
0.25
0.36
0.22
0.27
0.17
0.19
0.28
0.34
0.24
0.17
0.40
0.31
0.17
0.16
0.27
0.35
0.21
0.39
0.32
0.23
0.23
0.16
0.16
0.21
0.34
0.17
0.18
0.40
0.25
0.17
0.18
0.24
0.43
0.18
0.23
0.17
0.20
0.24
0.19
0.26
0.28
0.25
0.17
0.24
0.39
0.17
0.26
0.25
0.15
0.39
0.24
0.16
0.19
0.28
0.17
0.20
0.17
0.17
0.23
0.15
0.22
0.42
0.17
0.25
0.16
0.16
0.35
0.16
0.15
0.25
0.25
0.16
0.26
0.16
0.18
0.28
0.23
0.21
0.44
0.16
0.18
0.20
0.20
0.39
0.23
0.27
0.26
0.46
0.44
0.51
0.45
0.38
0.32
0.26
0.37
0.30
0.26
0.21
0.23
0.19
0.38
0.22
0.31
0.31
0.41
0.19
0.43
0.27
0.24
0.27
0.27
0.18
0.23
0.36
0.29
0.37
0.23
0.37
0.19
0.16
0.17
0.37
0.17
0.23
0.17
0.18
0.25
0.16
0.17
0.39
0.38
0.19
0.24
0.29
0.43
0.32
0.32
0.29
0.43
0.26
0.20
0.25
0.26
0.25
0.32
0.28
0.34
0.45
0.27
0.24
0.21
0.38
0.35
0.27
0.33
0.28
0.32
0.17
0.29
0.27
0.30
0.26
0.25
0.24
0.38
0.29
0.23
0.33
0.38
0.31
0.19
0.26
0.30
0.43
0.35
0.34
0.28
0.20
0.33
0.27
0.22
0.36
0.25
0.16
0.36
0.36
0.23
0.17
0.18
0.30
0.39
0.17
0.24
0.33
0.17
0.24
0.19
0.15
0.28
0.25
0.31
0.28
0.37
0.31
0.20
0.18
0.16
0.42
0.25
0.17
0.34
0.25
0.23
0.19
0.42
0.29
0.23
0.18
0.24
0.26
0.16
0.24
0.23
0.17
0.39
0.24
0.17
0.34
0.25
0.17
0.19
0.24
0.23
0.33
0.21
0.21
0.22
0.18
0.24
0.19
0.20
0.43
0.23
0.17
0.28
0.17
0.23
0.23
0.28
0.20
0.40
0.26
0.30
0.33
0.24
0.23
0.17
0.25
0.30
0.22
0.28
0.39
0.20
0.18
0.26
0.32
0.16
0.43
0.32
0.17
0.16
0.48
0.45
0.26
0.26
0.28
0.34
0.27
0.43
0.32
0.18
0.24
0.34
0.36
0.50
0.40
0.16
0.40
0.33
0.30
0.37
0.31
0.25
0.38
0.37
0.25
0.16
0.25
0.30
0.27
0.22
0.40
0.26
0.32
0.25
0.26
0.16
0.17
0.30
0.22
0.41
0.31
0.39
0.22
0.32
0.35
0.24
0.27
0.34
0.36
0.33
0.28
0.25
0.29
0.35
0.31
0.18
0.41
0.34
0.38
0.18
0.25
0.25
0.16
0.24
0.25
0.27
0.32
0.32
0.32
0.34
0.34
0.22
0.30
0.43
0.33
0.35
0.27
0.23
0.52
0.49
0.31
0.23
0.38
0.40
0.37
0.43
0.38
0.39
0.29
0.26
0.38
0.29
0.38
0.32
0.44
0.35
0.25
0.31
0.28
0.34
0.37
0.33
0.28
0.31
0.30
0.32
0.20
0.31
0.27
0.35
0.24
0.22
0.22
0.28
0.31
0.18
0.38
0.38
0.21
0.26
0.34
0.26
0.19
0.30
0.23
0.22
0.30
0.27
0.32
0.28
0.37
0.39
0.27
0.44
0.44
0.28
0.33
0.32
0.24
0.30
0.33
0.17
0.38
0.29
0.30
0.27
0.37
0.30
0.23
0.28
0.39
0.42
0.23
0.40
0.25
0.17
0.32
0.33
0.32
0.42
0.34
0.32
0.26
0.31
0.27
0.47
0.30
0.28
0.38
0.24
0.25
0.30
0.29
0.27
0.27
0.17
0.45
0.32
0.28
0.30
0.25
0.33
0.24
0.29
0.24
0.46
0.24
0.31
0.32
0.29
0.37
0.27
0.25
0.41
0.45
0.25
0.19
0.29
0.28
0.34
0.34
0.24
0.35
0.29
0.25
0.25
0.27
0.31
0.25
0.33
0.35
0.38
0.48
0.34
0.36
0.34
0.31
0.35
0.20
0.40
0.29
0.27
0.25
0.27
0.35
0.30
0.24
0.47
0.49
0.18
0.28
0.32
0.17
0.32
0.30
0.33
0.40
0.32
0.26
0.28
0.23
0.22
0.18
0.22
0.47
0.49
0.50
0.33
0.26
0.51
0.30
0.26
0.42
0.50
0.38
0.47
0.37
0.23
0.23
0.18
0.23
0.28
0.38
0.18
0.28
0.32
0.19
0.30
0.39
0.37
0.44
0.49
0.21
0.24
0.26
0.15
0.27
0.30
0.29
0.43
0.25
0.51
0.44
0.22
0.40
0.18
0.24
0.38
0.33
0.28
0.27
0.32
0.27
0.32
0.37
0.32
0.41
0.30
0.32
0.52
0.51
0.51
0.31
0.21
0.51
0.42
0.27
0.32
0.21
0.19
0.30
0.23
0.25
0.36
0.31
0.28
0.18
0.29
0.21
0.27
0.33
0.43
0.39
0.44
0.33
0.33
0.27
0.26
0.27
0.39
0.35
0.38
0.24
0.26
0.33
0.30
0.24
0.25
0.40
0.39
0.29
0.32
0.18
0.35
0.36
0.20
0.43
0.55
0.37
0.30
0.34
0.27
0.28
0.30
0.32
0.40
0.44
0.24
0.19
0.25
0.35
0.50
0.51
0.35
0.29
0.37
0.29
0.25
0.15
0.18
0.25
0.23
0.34
0.30
0.29
0.16
0.17
0.37
0.18
0.16
0.37
0.21
0.39
0.22
0.26
0.17
0.17
0.25
0.22
0.28
0.24
0.28
0.16
0.19
0.24
0.18
0.15
0.36
0.24
0.37
0.24
0.24
0.17
0.23
0.18
0.16
0.29
0.15
0.23
0.17
0.15
0.24
0.17
0.16
0.35
0.17
0.39
0.25
0.18
0.15
0.23
0.18
0.16
0.25
0.16
0.37
0.17
0.15
0.17
0.18
0.16
0.37
0.18
0.38
0.25
0.17
0.15
0.33
0.17
0.17
0.27
0.15
0.39
0.25
0.16
0.16
0.22
0.16
0.34
0.19
0.30
0.28
0.17
0.16
0.23
0.17
0.17
0.25
0.17
0.39
0.25
0.16
0.16
0.20
0.17
0.33
0.17
0.16
0.26
0.19
0.18
0.23
0.17
0.25
0.26
0.16
0.39
0.26
0.32
0.26
0.24
0.16
0.37
0.19
0.18
0.22
0.21
0.17
0.24
0.26
0.26
0.26
0.20
0.40
0.33
0.30
0.20
0.27
0.32
0.38
0.29
0.29
0.33
0.31
0.15
0.31
0.38
0.41
0.37
0.28
0.38
0.33
0.18
0.26
0.32
0.16
0.37
0.35
0.29
0.38
0.20
0.30
0.30
0.17
0.40
0.24
0.26
0.38
0.28
0.16
0.16
0.30
0.19
0.36
0.35
0.17
0.40
0.30
0.17
0.27
0.30
0.36
0.30
0.27
0.25
0.34
0.25
0.27
0.30
0.36
0.33
0.25
0.17
0.39
0.23
0.27
0.24
0.19
0.34
0.27
0.26
0.37
0.42
0.18
0.52
0.49
0.32
0.29
0.24
0.18
0.35
0.25
0.16
0.16
0.19
0.34
0.19
0.18
0.18
0.42
0.17
0.17
0.24
0.18
0.24
0.25
0.16
0.28
0.33
0.17
0.16
0.18
0.40
0.17
0.16
0.16
0.42
0.18
0.16
0.25
0.17
0.21
0.24
0.16
0.16
0.27
0.17
0.16
0.25
0.32
0.18
0.19
0.15
0.40
0.16
0.16
0.18
0.17
0.18
0.25
0.21
0.31
0.28
0.16
0.17
0.25
0.34
0.17
0.25
0.17
0.37
0.19
0.17
0.17
0.19
0.19
0.17
0.25
0.16
0.37
0.25
0.25
0.35
0.31
0.29
0.34
0.31
0.42
0.25
0.21
0.26
0.33
0.21
0.46
0.35
0.17
0.43
0.25
0.17
0.29
0.37
0.26
0.25
0.21
0.20
0.30
0.34
0.31
0.41
0.37
0.32
0.47
0.35
0.44
0.26
0.44
0.45
0.44
0.37
0.52
0.50
0.36
0.47
0.31
0.28
0.41
0.45
0.53
0.47
0.23
0.26
0.50
0.58
0.28
0.46
0.29
0.37
0.44
0.44
0.48
0.41
0.46
0.41
0.33
0.17
0.34
0.27
0.28
0.28
0.23
0.40
0.20
0.23
0.28
0.30
0.28
0.33
0.28
0.27
0.49
0.28
0.32
0.31
0.17
0.27
0.34
0.28
0.46
0.38
0.20
0.17
0.34
0.22
0.31
0.56
0.58
0.61
0.42
0.45
0.37
0.44
0.32
0.28
0.32
0.29
0.40
0.45
0.47
0.30
0.42
0.47
0.46
0.19
0.23
0.50
0.46
0.44
0.53
0.48
0.25
0.16
0.48
0.50
0.54
0.38
0.21
0.27
0.26
0.21
0.27
0.35
0.37
0.47
0.34
0.48
0.23
0.43
0.19
0.18
0.29
0.20
0.38
0.32
0.26
0.26
0.33
0.22
0.16
0.30
0.49
0.32
0.16
0.50
0.43
0.30
0.22
0.34
0.26
0.49
0.30
0.18
0.25
0.24
0.35
0.33
0.18
0.30
0.29
0.18
0.16
0.31
0.16
0.26
0.28
0.18
0.41
0.33
0.19
0.26
0.26
0.28
0.35
0.35
0.33
0.40
0.28
0.30
0.33
0.25
0.23
0.33
0.39
0.44
0.47
0.45
0.47
0.33
0.23
0.18
0.32
0.39
0.36
0.16
0.27
0.29
0.27
0.33
0.36
0.18
0.41
0.27
0.18
0.20
0.29
0.38
0.27
0.31
0.33
0.38
0.48
0.28
0.31
0.32
0.29
0.23
0.27
0.35
0.32
0.20
0.19
0.24
0.18
0.16
0.23
0.44
0.18
0.18
0.18
0.29
0.34
0.32
0.27
0.22
0.39
0.25
0.27
0.23
0.35
0.20
0.29
0.24
0.39
0.17
0.24
0.17
0.31
0.19
0.21
0.19
0.26
0.27
0.22
0.35
0.19
0.32
0.19
0.17
0.24
0.39
0.23
0.48
0.19
0.21
0.25
0.19
0.39
0.26
0.25
0.15
0.19
0.15
0.16
0.19
0.16
0.24
0.40
0.17
0.25
0.28
0.27
0.19
0.24
0.24
0.17
0.22
0.24
0.25
0.18
0.17
0.25
0.17
0.15
0.43
0.24
0.17
0.35
0.33
0.19
0.23
0.36
0.18
0.22
0.25
0.25
0.16
0.24
0.27
0.15
0.18
0.55
0.21
0.17
0.24
0.23
0.19
0.24
0.25
0.22
0.22
0.23
0.18
0.17
0.24
0.24
0.17
0.25
0.44
0.21
0.21
0.32
0.20
0.24
0.25
0.28
0.37
0.35
0.24
0.51
0.49
0.27
0.21
0.18
0.24
0.43
0.17
0.26
0.32
0.27
0.43
0.26
0.16
0.30
0.37
0.51
0.42
0.27
0.44
0.33
0.29
0.38
0.41
0.25
0.24
0.20
0.48
0.25
0.26
0.16
0.32
0.29
0.16
0.28
0.23
0.48
0.20
0.31
0.24
0.50
0.29
0.49
0.34
0.33
0.29
0.17
0.32
0.36
0.50
0.49
0.31
0.24
0.47
0.49
0.37
0.26
0.46
0.34
0.34
0.37
0.36
0.40
0.30
0.33
0.43
0.30
0.29
0.33
0.34
0.28
0.32
0.25
0.17
0.44
0.25
0.32
0.30
0.38
0.32
0.26
0.25
0.42
0.32
0.30
0.32
0.26
0.27
0.36
0.21
0.32
0.52
0.27
0.37
0.33
0.35
0.17
0.28
0.31
0.40
0.40
0.39
0.33
0.25
0.38
0.33
0.31
0.42
0.36
0.29
0.20
0.39
0.26
0.26
0.31
0.28
0.38
0.20
0.39
0.21
0.22
0.29
0.31
0.19
0.26
0.35
0.27
0.29
0.30
0.22
0.24
0.30
0.32
0.45
0.20
0.25
0.18
0.17
0.28
0.25
0.15
0.25
0.43
0.17
0.23
0.30
0.17
0.34
0.31
0.23
0.39
0.25
0.25
0.18
0.22
0.24
0.26
0.19
0.25
0.35
0.22
0.28
0.29
0.25
0.28
0.32
0.24
0.42
0.31
0.23
0.23
0.24
0.24
0.26
0.31
0.27
0.42
0.24
0.31
0.27
0.27
0.24
0.23
0.29
0.50
0.27
0.32
0.30
0.25
0.16
0.27
0.23
0.34
0.43
0.24
0.29
0.36
0.33
0.38
0.43
0.29
0.43
0.43
0.31
0.30
0.24
0.28
0.36
0.41
0.21
0.44
0.33
0.29
0.36
0.27
0.23
0.19
0.21
0.38
0.40
0.38
0.33
0.27
0.26
0.37
0.37
0.20
0.44
0.26
0.27
0.35
0.36
0.18
0.22
0.38
0.41
0.41
0.26
0.35
0.17
0.25
0.29
0.19
0.17
0.31
0.23
0.17
0.29
0.17
0.18
0.25
0.26
0.35
0.40
0.25
0.24
0.18
0.32
0.21
0.25
0.25
0.28
0.32
0.20
0.43
0.51
0.50
0.49
0.44
0.38
0.42
0.25
0.26
0.43
0.48
0.27
0.18
0.31
0.26
0.40
0.46
0.48
0.50
0.38
0.25
0.18
0.36
0.40
0.29
0.35
0.25
0.23
0.25
0.24
0.31
0.28
0.37
0.38
0.31
0.32
0.35
0.49
0.31
0.36
0.45
0.29
0.33
0.37
0.50
0.49
0.49
0.50
0.36
0.41
0.49
0.50
0.38
0.26
0.27
0.18
0.39
0.17
0.43
0.35
0.30
0.34
0.41
0.24
0.47
0.33
0.47
0.30
0.35
0.26
0.35
0.21
0.32
0.41
0.39
0.43
0.33
0.20
0.19
0.31
0.23
0.31
0.30
0.29
0.19
0.26
0.34
0.25
0.24
0.19
0.36
0.26
0.38
0.26
0.24
0.24
0.25
0.25
0.32
0.25
0.19
0.27
0.26
0.26
0.24
0.18
0.18
0.40
0.18
0.39
0.32
0.25
0.19
0.27
0.33
0.24
0.26
0.23
0.34
0.30
0.25
0.42
0.49
0.26
0.45
0.33
0.39
0.38
0.25
0.17
0.36
0.28
0.40
0.33
0.28
0.50
0.29
0.32
0.24
0.48
0.50
0.43
0.18
0.51
0.38
0.25
0.37
0.39
0.44
0.49
0.43
0.28
0.41
0.33
0.29
0.26
0.25
0.31
0.37
0.30
0.38
0.42
0.29
0.26
0.42
0.50
0.41
0.31
0.25
0.39
0.47
0.27
0.44
0.19
0.29
0.29
0.20
0.28
0.47
0.27
0.26
0.31
0.27
0.39
0.32
0.26
0.36
0.34
0.30
0.19
0.32
0.34
0.32
0.28
0.29
0.42
0.18
0.23
0.27
0.21
0.40
0.33
0.42
0.33
0.33
0.37
0.41
0.27
0.17
0.29
0.32
0.39
0.42
0.26
0.24
0.26
0.29
0.38
0.25
0.17
0.23
0.35
0.25
0.28
0.38
0.28
0.45
0.29
0.19
0.34
0.29
0.29
0.30
0.31
0.41
0.34
0.29
0.34
0.40
0.25
0.37
0.35
0.16
0.31
0.24
0.32
0.40
0.49
0.37
0.36
0.42
0.40
0.33
0.25
0.28
0.40
0.33
0.34
0.29
0.36
0.33
0.38
0.34
0.31
0.32
0.26
0.26
0.29
0.35
0.24
0.44
0.44
0.43
0.29
0.25
0.17
0.16
0.34
0.22
0.17
0.31
0.42
0.17
0.31
0.30
0.36
0.30
0.15
0.25
0.38
0.20
0.20
0.24
0.21
0.29
0.24
0.15
0.25
0.41
0.23
0.26
0.18
0.37
0.25
0.23
0.15
0.18
0.23
0.20
0.18
0.24
0.28
0.24
0.18
0.25
0.41
0.17
0.25
0.24
0.36
0.25
0.25
0.16
0.16
0.24
0.15
0.21
0.40
0.36
0.23
0.16
0.33
0.37
0.27
0.36
0.31
0.40
0.22
0.23
0.17
0.18
0.46
0.26
0.17
0.34
0.37
0.32
0.26
0.27
0.37
0.22
0.28
0.33
0.39
0.42
0.32
0.25
0.30
0.50
0.25
0.26
0.41
0.34
0.35
0.17
0.33
0.33
0.32
0.36
0.31
0.36
0.25
0.31
0.17
0.17
0.38
0.25
0.16
0.40
0.26
0.16
0.24
0.26
0.23
0.29
0.27
0.16
0.32
0.19
0.16
0.17
0.17
0.37
0.25
0.20
0.36
0.26
0.17
0.24
0.27
0.17
0.41
0.26
0.15
0.30
0.18
0.16
0.28
0.18
0.35
0.19
0.18
0.36
0.33
0.23
0.18
0.32
0.25
0.38
0.25
0.25
0.21
0.19
0.25
0.26
0.17
0.29
0.29
0.20
0.35
0.30
0.25
0.26
0.29
0.26
0.31
0.29
0.32
0.28
0.32
0.32
0.27
0.26
0.25
0.46
0.17
0.44
0.30
0.17
0.20
0.33
0.27
0.30
0.35
0.24
0.43
0.20
0.31
0.29
0.35
0.34
0.36
0.35
0.41
0.34
0.27
0.25
0.37
0.24
0.22
0.35
0.39
0.19
0.24
0.24
0.24
0.25
0.24
0.40
0.18
0.35
0.29
0.33
0.17
0.30
0.22
0.20
0.37
0.29
0.18
0.18
0.24
0.25
0.18
0.24
0.33
0.22
0.36
0.31
0.16
0.18
0.29
0.16
0.17
0.43
0.26
0.21
0.25
0.25
0.26
0.24
0.24
0.31
0.23
0.35
0.33
0.18
0.15
0.30
0.17
0.16
0.43
0.33
0.23
0.25
0.16
0.26
0.24
0.16
0.25
0.27
0.35
0.27
0.20
0.17
0.22
0.16
0.16
0.37
0.34
0.23
0.24
0.16
0.25
0.24
0.16
0.35
0.31
0.30
0.36
0.27
0.15
0.22
0.25
0.15
0.39
0.35
0.26
0.21
0.15
0.25
0.25
0.17
0.26
0.39
0.22
0.27
0.24
0.17
0.27
0.33
0.23
0.49
0.38
0.25
0.16
0.34
0.26
0.24
0.17
0.25
0.42
0.21
0.25
0.23
0.17
0.20
0.16
0.20
0.29
0.42
0.28
0.18
0.26
0.26
0.16
0.25
0.27
0.38
0.26
0.25
0.23
0.16
0.17
0.24
0.23
0.16
0.38
0.25
0.15
0.24
0.27
0.17
0.24
0.26
0.39
0.20
0.20
0.21
0.18
0.19
0.25
0.23
0.16
0.41
0.18
0.24
0.24
0.26
0.16
0.24
0.26
0.43
0.21
0.21
0.22
0.18
0.17
0.22
0.25
0.16
0.43
0.26
0.16
0.23
0.26
0.17
0.24
0.26
0.29
0.29
0.19
0.16
0.23
0.16
0.23
0.26
0.16
0.44
0.27
0.16
0.25
0.25
0.16
0.24
0.28
0.38
0.26
0.17
0.16
0.31
0.37
0.20
0.26
0.17
0.38
0.26
0.16
0.23
0.27
0.15
0.17
0.19
0.38
0.25
0.18
0.16
0.31
0.17
0.19
0.31
0.16
0.34
0.31
0.16
0.15
0.27
0.16
0.17
0.20
0.39
0.17
0.18
0.16
0.30
0.16
0.15
0.32
0.15
0.25
0.41
0.17
0.16
0.29
0.17
0.17
0.21
0.39
0.21
0.18
0.16
0.30
0.17
0.15
0.30
0.16
0.24
0.31
0.16
0.16
0.29
0.16
0.18
0.26
0.41
0.23
0.18
0.15
0.26
0.16
0.17
0.32
0.16
0.22
0.31
0.17
0.16
0.30
0.15
0.16
0.26
0.41
0.25
0.18
0.17
0.34
0.16
0.16
0.25
0.17
0.22
0.25
0.18
0.16
0.26
0.16
0.17
0.24
0.38
0.24
0.18
0.17
0.25
0.17
0.20
0.32
0.32
0.29
0.32
0.36
0.31
0.30
0.26
0.34
0.25
0.33
0.37
0.35
0.31
0.33
0.31
0.36
0.39
0.17
0.30
0.36
0.27
0.29
0.27
0.28
0.35
0.39
0.29
0.34
0.31
0.33
0.34
0.31
0.33
0.31
0.27
0.27
0.26
0.38
0.25
0.33
0.27
0.34
0.39
0.31
0.19
0.24
0.17
0.33
0.30
0.27
0.18
0.18
0.25
0.28
0.16
0.23
0.25
0.20
0.30
0.30
0.17
0.16
0.24
0.16
0.18
0.23
0.16
0.17
0.25
0.33
0.28
0.24
0.17
0.18
0.16
0.16
0.20
0.16
0.20
0.24
0.17
0.30
0.17
0.28
0.21
0.25
0.25
0.17
0.24
0.26
0.18
0.17
0.27
0.16
0.16
0.25
0.16
0.17
0.26
0.15
0.18
0.26
0.15
0.17
0.20
0.16
0.20
0.16
0.16
0.24
0.16
0.17
0.25
0.17
0.26
0.24
0.16
0.17
0.26
0.15
0.26
0.25
0.23
0.32
0.16
0.26
0.26
0.25
0.27
0.28
0.49
0.32
0.30
0.30
0.29
0.29
0.29
0.29
0.29
0.29
0.29
0.29
0.29
0.28
0.29
0.39
0.30
0.28
0.35
0.28
0.27
0.29
0.31
0.16
0.28
0.25
0.27
0.17
0.17
0.16
0.22
0.25
0.17
0.25
0.16
0.18
0.24
0.16
0.18
0.25
0.15
0.17
0.31
0.16
0.17
0.19
0.16
0.24
0.16
0.17
0.32
0.33
0.39
0.28
0.50
0.27
0.29
0.26
0.16
0.39
0.49
0.37
0.32
0.52
0.52
0.24
0.19
0.49
0.34
0.26
0.25
0.31
0.18
0.34
0.17
0.46
0.31
0.16
0.16
0.20
0.17
0.16
0.18
0.18
0.19
0.17
0.19
0.29
0.16
0.33
0.24
0.17
0.20
0.26
0.17
0.16
0.25
0.18
0.19
0.24
0.17
0.17
0.15
0.25
0.18
0.24
0.17
0.17
0.26
0.18
0.19
0.24
0.16
0.16
0.25
0.17
0.16
0.18
0.17
0.17
0.20
0.18
0.17
0.18
0.18
0.24
0.17
0.18
0.25
0.16
0.16
0.25
0.17
0.16
0.31
0.17
0.15
0.18
0.19
0.16
0.33
0.15
0.27
0.18
0.18
0.26
0.16
0.16
0.24
0.17
0.18
0.24
0.17
0.17
0.25
0.18
0.16
0.18
0.17
0.25
0.16
0.15
0.22
0.16
0.16
0.25
0.18
0.16
0.25
0.17
0.17
0.24
0.18
0.17
0.24
0.17
0.17
0.18
0.17
0.26
0.17
0.16
0.24
0.17
0.17
0.24
0.17
0.16
0.24
0.17
0.17
0.24
0.16
0.17
0.25
0.17
0.17
0.18
0.16
0.18
0.17
0.17
0.23
0.17
0.18
0.24
0.18
0.17
0.23
0.17
0.19
0.23
0.15
0.16
0.24
0.17
0.15
0.18
0.16
0.27
0.18
0.27
0.25
0.17
0.28
0.23
0.15
0.25
0.37
0.39
0.33
0.26
0.20
0.26
0.27
0.31
0.24
0.20
0.30
0.36
0.31
0.24
0.35
0.24
0.33
0.27
0.17
0.16
0.32
0.17
0.17
0.24
0.16
0.17
0.23
0.17
0.15
0.19
0.17
0.17
0.17
0.17
0.25
0.18
0.17
0.24
0.17
0.18
0.23
0.16
0.17
0.24
0.24
0.34
0.24
0.24
0.16
0.17
0.24
0.25
0.17
0.20
0.25
0.19
0.16
0.24
0.23
0.16
0.26
0.26
0.16
0.18
0.34
0.17
0.17
0.26
0.25
0.16
0.19
0.25
0.17
0.23
0.25
0.17
0.19
0.24
0.22
0.16
0.26
0.25
0.16
0.18
0.23
0.16
0.16
0.25
0.24
0.17
0.23
0.25
0.17
0.17
0.25
0.21
0.17
0.26
0.24
0.16
0.19
0.36
0.25
0.23
0.30
0.32
0.16
0.25
0.26
0.33
0.23
0.26
0.16
0.16
0.25
0.44
0.23
0.31
0.20
0.24
0.20
0.27
0.27
0.25
0.25
0.45
0.42
0.30
0.32
0.38
0.25
0.24
0.22
0.17
0.25
0.24
0.17
0.25
0.31
0.19
0.18
0.25
0.25
0.17
0.24
0.23
0.20
0.20
0.48
0.20
0.27
0.25
0.31
0.26
0.35
0.24
0.43
0.50
0.31
0.30
0.20
0.41
0.30
0.31
0.30
0.30
0.26
0.21
0.34
0.27
0.33
0.28
0.30
0.28
0.19
0.29
0.18
0.26
0.25
0.47
0.29
0.24
0.25
0.27
0.23
0.45
0.32
0.18
0.25
0.23
0.17
0.23
0.24
0.17
0.18
0.25
0.23
0.25
0.24
0.35
0.20
0.19
0.24
0.18
0.18
0.29
0.26
0.41
0.25
0.24
0.19
0.18
0.23
0.17
0.28
0.34
0.36
0.50
0.27
0.23
0.17
0.20
0.32
0.20
0.19
0.24
0.22
0.19
0.32
0.35
0.29
0.27
0.36
0.28
0.27
0.26
0.32
0.27
0.27
0.25
0.26
0.31
0.32
0.23
0.46
0.43
0.47
0.18
0.25
0.41
0.38
0.16
0.24
0.23
0.17
0.26
0.25
0.17
0.21
0.24
0.16
0.24
0.26
0.24
0.17
0.18
0.27
0.17
0.17
0.26
0.24
0.16
0.26
0.32
0.17
0.24
0.25
0.16
0.22
0.24
0.15
0.18
0.24
0.22
0.16
0.31
0.32
0.49
0.21
0.26
0.16
0.17
0.25
0.25
0.15
0.25
0.40
0.25
0.50
0.48
0.47
0.22
0.24
0.24
0.17
0.24
0.27
0.17
0.17
0.25
0.16
0.17
0.31
0.24
0.16
0.21
0.24
0.19
0.17
0.24
0.23
0.17
0.23
0.25
0.16
0.18
0.26
0.30
0.26
0.33
0.32
0.24
0.32
0.20
0.25
0.15
0.16
0.25
0.25
0.17
0.21
0.25
0.16
0.19
0.32
0.22
0.52
0.47
0.25
0.29
0.35
0.39
0.23
0.26
0.36
0.31
0.27
0.33
0.30
0.21
0.20
0.31
0.21
0.17
0.24
0.25
0.27
0.30
0.35
0.28
0.28
0.37
0.31
0.23
0.32
0.33
0.27
0.25
0.32
0.28
0.24
0.38
0.17
0.16
0.25
0.24
0.17
0.20
0.26
0.36
0.16
0.24
0.23
0.15
0.19
0.24
0.17
0.17
0.26
0.25
0.17
0.23
0.24
0.16
0.17
0.25
0.16
0.17
0.25
0.23
0.17
0.24
0.23
0.15
0.22
0.23
0.17
0.18
0.23
0.22
0.17
0.25
0.24
0.16
0.25
0.33
0.17
0.18
0.24
0.15
0.17
0.25
0.23
0.19
0.24
0.25
0.18
0.17
0.22
0.18
0.32
0.30
0.30
0.25
0.35
0.27
0.16
0.19
0.24
0.16
0.19
0.24
0.22
0.18
0.25
0.24
0.19
0.23
0.25
0.17
0.16
0.24
0.23
0.16
0.26
0.24
0.17
0.19
0.41
0.20
0.29
0.24
0.17
0.17
0.24
0.21
0.17
0.24
0.25
0.16
0.16
0.26
0.23
0.15
0.20
0.25
0.16
0.18
0.23
0.16
0.20
0.22
0.25
0.17
0.24
0.25
0.25
0.17
0.27
0.22
0.15
0.26
0.24
0.16
0.19
0.25
0.17
0.18
0.23
0.21
0.18
0.25
0.26
0.16
0.18
0.31
0.16
0.15
0.24
0.24
0.16
0.25
0.25
0.18
0.18
0.23
0.17
0.16
0.25
0.25
0.16
0.24
0.25
0.16
0.18
0.25
0.15
0.18
0.25
0.23
0.17
0.25
0.24
0.17
0.24
0.23
0.19
0.18
0.25
0.18
0.16
0.25
0.25
0.17
0.22
0.26
0.16
0.19
0.33
0.18
0.31
0.25
0.24
0.17
0.24
0.25
0.17
0.27
0.28
0.18
0.17
0.26
0.20
0.17
0.19
0.26
0.16
0.17
0.25
0.22
0.18
0.24
0.25
0.17
0.23
0.24
0.17
0.18
0.24
0.23
0.14
0.25
0.24
0.17
0.18
0.31
0.18
0.18
0.23
0.24
0.18
0.19
0.24
0.18
0.16
0.36
0.23
0.15
0.25
0.24
0.17
0.19
0.24
0.17
0.17
0.24
0.25
0.19
0.26
0.26
0.19
0.17
0.24
0.16
0.17
0.23
0.23
0.17
0.25
0.24
0.17
0.19
0.25
0.16
0.18
0.24
0.24
0.17
0.24
0.24
0.16
0.17
0.24
0.17
0.18
0.24
0.23
0.17
0.24
0.24
0.28
0.26
0.24
0.21
0.18
0.25
0.24
0.17
0.20
0.26
0.17
0.18
0.25
0.20
0.17
0.23
0.23
0.16
0.20
0.24
0.17
0.17
0.24
0.22
0.17
0.26
0.24
0.17
0.19
0.24
0.25
0.18
0.24
0.22
0.15
0.26
0.24
0.17
0.17
0.25
0.16
0.17
0.24
0.24
0.16
0.34
0.25
0.17
0.18
0.25
0.16
0.17
0.25
0.24
0.16
0.21
0.25
0.16
0.18
0.25
0.22
0.18
0.25
0.26
0.15
0.18
0.26
0.16
0.17
0.25
0.23
0.15
0.24
0.31
0.18
0.17
0.26
0.18
0.15
0.24
0.25
0.16
0.23
0.25
0.17
0.17
0.25
0.19
0.17
0.23
0.30
0.18
0.24
0.24
0.17
0.17
0.24
0.18
0.16
0.25
0.25
0.17
0.17
0.24
0.18
0.15
0.25
0.23
0.18
0.25
0.24
0.17
0.17
0.24
0.17
0.16
0.23
0.23
0.18
0.23
0.24
0.17
0.19
0.24
0.16
0.18
0.24
0.25
0.18
0.24
0.24
0.18
0.18
0.24
0.18
0.20
0.24
0.22
0.16
0.25
0.23
0.17
0.20
0.25
0.17
0.18
0.24
0.14
0.18
0.25
0.23
0.18
0.24
0.23
0.16
0.19
0.26
0.22
0.15
0.24
0.25
0.15
0.25
0.25
0.16
0.22
0.25
0.17
0.24
0.24
0.24
0.16
0.17
0.24
0.15
0.16
0.25
0.24
0.16
0.22
0.24
0.16
0.19
0.24
0.16
0.16
0.25
0.23
0.16
0.22
0.24
0.18
0.16
0.26
0.24
0.16
0.25
0.23
0.15
0.19
0.24
0.15
0.17
0.24
0.23
0.15
0.23
0.25
0.16
0.17
0.24
0.17
0.16
0.25
0.25
0.16
0.22
0.25
0.44
8.10
0.58
0.55
0.61
0.73
0.80
0.78
0.64
0.53
0.37
0.34
0.38
0.33
0.33
0.36
0.33
0.33
0.41
0.36
0.33
0.36
0.45
0.34
0.33
0.35
0.32
0.33
0.37
0.36
0.32
0.34
0.34
0.34
0.33
0.35
0.31
0.34
0.35
0.32
0.33
0.38
0.38
0.32
0.35
0.37
0.35
0.34
0.41
0.35
0.35
0.37
0.36
0.36
0.38
0.40
0.34
0.35
0.38
0.35
0.34
0.40
0.37
0.34
0.38
0.37
0.35
0.41
0.39
0.33
1.07
0.38
1.02
2.38
3.32
3.52
4.51
4.66
0.40
0.33
0.35
0.38
0.34
0.35
0.38
0.41
0.37
0.38
0.40
0.35
0.35
0.38
0.37
0.35
0.44
0.38
0.36
0.36
0.39
0.35
0.36
0.38
0.40
0.35
0.39
0.40
0.35
0.41
1.58
4.04
0.43
0.47
1.26
1.04
0.98
0.89
0.38
0.37
0.41
0.35
0.35
0.41
0.35
0.35
0.39
0.41
0.36
0.35
0.39
0.35
0.35
0.39
0.38
0.36
0.41
0.40
0.35
0.36
0.51
2.69
1.68
0.56
0.97
1.01
0.75
1.07
0.81
0.37
0.39
0.37
0.38
0.39
0.39
0.38
0.42
0.39
0.37
0.41
0.43
0.37
0.38
0.40
0.37
0.36
0.40
0.39
0.35
0.39
0.38
0.92
4.18
0.45
0.65
1.03
1.05
1.07
1.09
0.46
0.37
0.37
0.44
0.37
0.36
0.34
0.41
0.36
0.35
0.40
0.40
0.34
0.36
0.39
0.35
0.38
0.39
0.36
0.36
0.39
0.39
0.37
2.30
3.30
0.89
1.03
1.00
1.08
0.88
0.80
0.42
0.35
0.40
0.42
0.35
0.35
0.41
0.34
0.35
0.43
0.33
0.39
0.39
0.37
0.35
0.37
0.38
0.35
0.35
0.43
0.38
0.35
0.74
3.61
0.42
0.44
0.96
1.06
0.98
1.04
0.62
0.38
0.42
0.42
0.38
0.40
0.43
0.37
0.36
0.42
0.37
0.34
0.40
0.38
0.35
0.40
0.40
0.34
0.35
0.38
0.35
0.34
0.40
2.08
4.67
0.73
0.64
1.21
1.15
1.01
0.96
0.36
0.39
0.34
0.34
0.41
0.37
0.33
0.39
0.39
0.34
0.37
0.39
0.35
0.35
0.41
0.37
0.38
0.39
0.42
0.36
0.36
0.42
0.58
3.41
1.86
0.60
0.58
1.63
1.05
0.69
0.90
0.40
0.35
0.35
0.38
0.38
0.36
0.38
0.38
0.34
0.34
0.40
0.35
0.35
0.40
0.36
0.35
0.39
0.40
0.34
0.34
0.39
0.35
1.50
5.14
0.85
0.39
1.32
1.46
1.06
0.97
0.41
0.36
0.38
0.42
0.37
0.36
0.42
0.41
0.38
0.40
0.42
0.37
0.35
0.42
0.38
0.35
0.37
0.40
0.33
0.40
0.39
0.34
0.49
2.77
3.97
0.64
0.46
1.77
1.35
1.07
1.14
0.36
0.33
0.39
0.36
0.34
0.40
0.40
0.34
0.37
0.39
0.35
0.34
0.40
0.33
0.35
0.40
0.39
0.35
0.42
0.41
0.46
0.37
1.03
4.92
1.55
0.53
0.95
1.87
1.35
1.09
0.48
0.39
0.41
0.36
0.38
0.41
0.38
0.38
0.39
0.42
0.36
0.38
0.40
0.36
0.37
0.40
0.36
0.37
0.37
0.39
0.36
0.37
0.44
2.71
4.84
1.61
0.53
1.94
1.48
1.32
1.22
0.44
0.38
0.37
0.39
0.41
0.38
0.39
0.38
0.39
0.36
0.38
0.40
0.39
0.37
0.41
0.37
0.36
0.39
0.38
0.37
0.42
0.38
0.87
1.38
0.35
0.34
0.37
0.36
0.33
0.34
0.36
0.39
0.35
0.35
0.37
0.35
0.35
0.38
0.36
0.35
0.38
0.36
0.35
0.39
0.33
0.34
0.37
0.35
0.35
0.36
0.33
0.35
0.35
0.35
0.93
5.87
6.37
2.67
0.58
1.27
2.74
1.68
1.84
1.58
1.74
1.46
1.63
2.60
2.63
1.81
0.70
1.41
2.96
1.79
1.74
2.24
1.72
2.09
2.01
2.05
2.38
1.44
1.80
2.32
2.17
1.54
2.57
2.08
2.03
2.35
1.54
2.24
1.94
1.70
2.11
2.25
2.78
2.46
1.83
1.89
1.52
1.68
2.51
2.31
0.39
0.34
0.38
0.34
0.34
0.42
0.34
0.34
0.34
0.35
0.38
0.34
0.34
0.39
0.35
0.35
0.38
0.33
0.34
0.40
0.34
0.33
0.38
0.33
0.34
0.34
0.34
0.36
0.36
0.35
0.37
0.35
0.36
0.40
0.36
0.42
0.40
0.37
0.36
0.39
0.37
0.37
0.38
0.37
0.37
0.42
0.37
0.38
0.38
0.36
0.42
0.37
0.36
0.38
0.39
0.36
0.43
0.38
0.37
0.42
0.36
0.37
0.42
0.38
0.37
0.41
0.36
0.35
0.39
2.00
6.11
5.73
2.28
0.40
3.00
3.89
2.71
1.45
2.14
2.74
1.87
1.60
2.52
2.81
1.24
1.87
2.57
1.78
3.05
2.68
2.11
2.06
4.12
2.43
2.52
2.02
2.46
2.64
2.08
2.70
2.84
2.63
2.92
2.75
1.58
3.43
2.55
1.05
2.84
3.12
2.59
3.52
2.23
1.09
2.85
2.94
1.90
2.44
2.11
0.43
0.34
0.35
0.39
0.35
0.36
0.39
0.35
0.33
0.38
0.34
0.35
0.38
0.34
0.35
0.38
0.34
0.36
0.39
0.33
0.35
0.34
0.43
0.35
0.34
0.34
0.34
0.35
0.47
3.88
7.12
4.09
0.96
0.61
3.43
2.59
1.92
1.70
3.29
3.40
2.19
2.98
1.83
4.45
3.50
1.57
3.10
2.42
1.65
2.33
2.00
3.04
2.94
1.86
2.63
3.87
2.99
2.92
2.45
2.25
2.25
4.00
3.94
2.96
2.15
2.06
2.69
2.14
2.24
3.09
1.93
2.40
3.02
2.49
2.96
3.38
2.72
2.01
1.90
0.36
0.34
0.42
0.36
0.33
0.36
0.35
0.34
0.35
0.34
0.35
0.35
0.34
0.39
0.36
0.35
0.39
0.34
0.40
0.37
0.37
0.36
0.39
0.39
0.35
0.37
0.35
0.35
0.83
5.79
6.76
3.39
0.60
3.36
3.51
1.06
2.73
2.30
3.36
3.08
1.44
3.96
3.01
2.47
3.08
4.31
2.22
1.51
3.27
2.58
2.82
3.42
1.61
2.31
3.58
2.64
1.89
2.56
2.11
2.53
2.60
2.37
2.42
2.65
2.21
1.98
2.33
3.15
3.78
3.23
1.14
1.69
2.47
3.44
4.32
2.85
1.53
1.34
0.54
0.38
0.34
0.35
0.39
0.48
0.35
0.38
0.36
0.33
0.39
0.35
0.35
0.38
0.35
0.32
0.39
0.34
0.37
0.38
0.50
0.41
0.37
0.33
0.40
0.37
0.35
0.35
0.38
0.35
0.35
0.39
0.34
0.37
0.42
0.39
0.37
0.42
0.40
0.36
0.38
0.40
0.37
0.37
0.43
0.36
0.38
0.39
0.41
0.37
0.39
0.39
0.37
0.37
0.41
0.41
0.39
0.39
0.43
0.37
0.36
0.41
0.36
0.38
0.42
0.38
0.37
0.40
0.38
0.37
0.42
0.43
0.42
0.43
0.41
0.40
3.47
6.76
5.29
3.10
1.86
3.76
3.66
2.98
2.79
2.13
3.15
3.34
2.75
3.34
2.34
2.58
4.29
1.83
4.26
4.36
1.64
2.34
4.30
3.77
2.52
3.45
3.96
3.56
4.27
3.51
3.27
3.33
2.73
3.26
3.14
2.75
3.22
2.67
2.21
3.48
2.39
3.07
3.78
2.61
3.51
4.01
2.73
3.20
3.61
2.47
0.38
0.44
0.38
0.40
0.46
0.34
0.51
0.38
0.34
0.51
0.46
0.44
0.36
0.37
0.37
0.35
0.41
0.38
0.33
0.41
0.43
0.35
0.48
0.38
0.40
0.34
0.38
0.34
0.90
5.71
7.16
4.74
1.17
3.67
3.58
2.66
2.63
2.57
4.35
3.08
2.17
4.52
3.05
2.25
3.57
3.30
3.53
3.24
3.67
4.59
2.27
1.54
2.94
5.46
3.32
3.12
3.68
2.18
2.96
4.06
1.95
3.43
3.56
3.32
4.21
3.28
2.97
3.83
2.59
2.51
3.93
3.39
3.97
2.77
1.31
2.82
4.30
2.80
1.05
0.57
0.55
0.56
0.43
0.39
0.39
0.38
0.39
0.35
0.35
0.36
0.34
0.36
0.39
0.38
0.34
0.38
0.39
0.35
0.35
0.37
0.34
0.35
0.40
0.39
0.35
0.38
0.39
2.13
6.72
7.09
4.26
0.51
4.06
5.39
3.05
3.60
3.92
4.18
3.08
3.73
3.12
3.45
2.64
2.55
3.89
3.37
3.21
2.18
2.86
3.79
3.93
3.60
3.61
3.63
2.78
2.08
5.04
2.67
2.21
3.38
3.29
4.04
3.06
3.55
3.25
3.23
4.10
3.18
3.31
2.91
1.93
3.60
3.98
3.99
2.83
3.39
3.92
0.36
0.41
0.45
0.42
0.35
0.42
0.40
0.33
0.35
0.40
0.34
0.35
0.37
0.35
0.43
0.44
0.47
0.37
0.35
0.37
0.34
0.38
0.43
0.53
0.36
0.39
0.43
0.39
0.49
3.56
7.46
5.00
2.35
0.77
5.41
2.76
2.68
2.37
3.13
3.39
3.02
2.65
1.35
2.85
3.75
4.05
3.88
3.30
3.43
2.28
1.52
3.01
2.82
3.87
3.52
3.06
2.78
2.53
3.16
2.45
1.92
2.41
3.41
3.46
4.32
3.47
3.04
3.24
2.80
2.03
2.70
4.18
3.87
4.23
4.09
3.33
2.82
3.17
1.95
0.40
0.34
0.36
0.37
0.34
0.35
0.38
0.39
0.34
0.34
0.36
0.35
0.33
0.40
0.35
0.37
0.39
0.33
0.33
0.34
0.34
0.33
0.34
0.34
0.36
0.34
0.34
0.39
0.86
6.19
8.39
4.99
0.58
3.83
3.51
3.01
3.88
3.73
3.91
3.04
3.69
3.37
3.92
4.07
2.86
3.39
3.52
2.96
3.86
3.25
4.88
3.29
1.83
2.83
3.46
2.96
3.49
3.24
3.31
4.07
4.29
2.20
3.34
3.34
3.13
3.10
2.79
3.81
3.48
3.02
3.22
2.76
2.94
2.29
2.16
3.41
3.57
2.48
0.51
0.37
0.34
0.35
0.43
0.35
0.34
0.38
0.36
0.34
0.39
0.35
0.41
0.35
0.33
0.34
0.35
0.34
0.40
0.32
0.34
0.38
0.33
0.34
0.39
0.33
0.35
0.44
0.34
2.47
6.39
5.89
2.40
1.34
4.72
4.00
1.08
1.38
4.54
3.87
3.13
3.02
3.20
2.88
3.04
2.33
3.66
4.02
2.51
3.47
3.84
2.56
3.39
2.75
3.03
3.39
3.44
3.90
2.92
3.08
2.85
1.76
3.01
2.04
3.31
4.54
3.73
2.94
3.94
3.28
2.85
2.98
3.02
3.69
2.84
2.63
2.85
3.35
3.61
0.35
0.35
0.39
0.33
0.44
0.51
0.58
0.56
0.39
0.34
0.41
0.44
0.35
0.35
0.39
0.35
0.34
0.34
0.34
0.43
0.33
0.56
0.53
0.36
0.40
0.45
0.56
0.41
0.66
5.11
7.68
5.68
1.27
2.09
4.13
3.43
2.38
3.59
4.61
1.77
1.64
4.22
2.47
4.08
4.57
2.71
3.84
2.87
2.19
2.90
3.66
3.13
4.13
3.89
2.05
2.90
3.92
2.19
3.00
2.51
1.59
3.09
4.39
2.64
3.68
3.17
2.22
3.26
4.09
3.38
3.34
3.75
2.44
3.79
4.11
3.51
4.45
3.37
1.98
0.42
0.44
0.39
0.42
0.41
0.46
0.44
0.37
0.46
0.43
0.36
0.37
0.48
0.35
0.40
0.38
0.40
0.46
0.42
0.47
0.39
0.43
0.40
0.43
0.45
0.43
0.37
0.41
1.67
6.37
7.14
3.77
0.62
2.97
5.48
3.05
3.18
4.18
3.02
2.18
3.53
2.65
3.51
4.33
2.68
3.40
4.12
3.49
3.40
3.89
3.90
2.84
3.49
4.13
2.43
3.58
2.84
2.80
3.86
3.70
3.43
2.32
3.35
4.01
2.97
2.98
3.23
3.86
3.05
3.55
4.56
2.58
4.08
3.65
3.23
4.48
3.35
3.05
0.38
0.35
0.38
0.33
0.35
0.40
0.34
0.35
0.39
0.38
0.34
0.40
0.44
0.35
0.35
0.38
0.34
0.36
0.38
0.35
0.34
0.37
0.34
0.35
0.37
0.38
0.36
0.37
0.37
2.84
6.47
6.27
2.31
0.85
3.64
3.72
3.34
3.65
2.31
3.16
2.29
4.75
4.34
2.69
3.42
1.67
3.96
4.59
2.54
3.90
3.50
1.59
2.98
3.68
3.70
4.37
3.07
3.48
4.59
2.02
3.03
2.46
3.07
4.03
4.66
3.18
2.61
2.80
3.37
3.57
4.62
4.16
3.32
3.39
2.71
3.43
4.18
2.99
3.34
0.39
0.37
0.34
0.34
0.39
0.38
0.34
0.38
0.34
0.34
0.38
0.33
0.34
0.36
0.34
0.34
0.37
0.33
0.39
0.39
0.34
0.39
0.44
0.33
0.37
0.43
0.42
0.41
0.72
5.54
8.00
4.17
0.99
3.31
4.55
2.93
2.67
5.36
4.51
3.53
3.05
3.27
3.50
3.12
2.47
3.17
3.37
2.50
3.18
2.77
3.24
3.71
3.08
4.08
3.03
3.87
3.69
2.06
3.57
4.79
3.47
3.26
3.08
3.99
3.48
2.98
4.03
1.95
1.92
4.00
3.94
4.65
2.88
2.61
3.98
4.29
4.15
2.31
1.35
0.34
0.33
0.37
0.35
0.41
0.41
0.40
0.35
0.42
0.41
0.46
0.43
0.34
0.34
0.35
0.34
0.41
0.42
0.33
0.34
0.35
0.53
0.42
0.38
0.33
0.38
0.39
0.35
1.60
6.37
7.55
4.93
1.21
3.03
5.22
3.55
1.82
2.66
3.42
2.92
3.33
3.90
2.86
2.97
3.48
3.80
3.66
3.04
2.46
3.95
3.06
2.23
3.94
3.43
3.87
3.49
2.97
3.65
2.82
3.34
3.64
3.68
3.46
3.54
3.03
3.50
3.79
3.30
2.92
3.51
3.45
2.67
3.28
4.14
2.71
3.27
4.63
2.85
0.37
0.34
0.34
0.33
0.37
0.34
0.35
0.38
0.34
0.38
0.38
0.34
0.33
0.38
0.34
0.34
0.40
0.34
0.34
0.36
0.35
0.34
0.38
0.36
0.34
0.34
0.34
0.38
0.38
3.09
6.04
5.10
3.33
0.60
5.21
2.75
3.10
4.03
3.03
2.92
4.02
3.58
2.81
3.64
3.06
3.35
5.75
2.88
2.16
3.81
3.38
2.78
4.01
3.39
0.62
2.58
4.80
1.58
2.73
4.78
2.81
3.19
4.58
2.63
3.69
4.20
2.30
3.61
5.57
2.92
4.26
3.52
2.71
3.76
4.39
4.95
3.10
3.98
3.99
0.48
0.34
0.34
0.35
0.35
0.34
0.34
0.34
0.34
0.35
0.34
0.42
0.35
0.34
0.39
0.35
0.34
0.37
0.35
0.35
0.40
0.34
0.74
5.96
7.60
5.55
1.30
2.77
3.86
3.32
2.58
2.05
2.62
3.56
2.91
3.59
4.31
3.01
3.20
2.79
3.66
2.54
2.81
4.13
2.37
2.57
3.58
2.43
3.81
4.06
3.14
3.62
3.51
2.23
3.50
2.16
3.46
3.47
3.53
3.05
3.13
3.49
3.22
3.93
3.50
1.59
4.79
3.40
2.68
4.61
2.86
1.99
1.37
0.34
0.41
0.35
0.34
0.40
0.35
0.35
0.38
0.35
0.34
0.39
0.34
0.34
0.34
0.34
0.35
0.35
0.34
0.40
0.34
0.34
0.39
0.35
0.34
0.38
0.47
0.38
0.41
2.27
6.20
7.96
2.40
0.51
3.68
4.26
4.93
3.77
3.98
3.82
2.80
3.30
2.99
3.31
4.16
4.00
3.43
2.55
3.29
4.53
2.23
3.11
4.00
3.16
3.91
3.12
2.07
3.53
3.44
3.28
4.52
2.32
2.14
4.02
4.05
3.53
4.83
3.62
3.15
4.28
3.64
3.15
4.88
2.44
1.71
4.29
4.11
3.60
5.14
0.39
0.55
0.57
0.44
0.35
0.38
0.39
0.40
0.44
0.47
0.37
0.44
0.38
0.39
0.41
0.36
0.38
0.35
0.39
0.34
0.40
0.38
0.41
0.48
0.44
0.40
0.40
0.36
0.52
3.71
6.77
6.69
2.96
2.83
4.38
2.71
4.23
3.53
3.32
4.30
2.35
4.06
2.94
2.81
4.49
3.45
3.03
2.25
3.14
4.62
4.08
4.49
2.95
2.25
4.24
3.46
4.38
3.51
2.41
2.59
3.88
5.32
3.67
3.62
2.35
2.45
4.88
2.93
2.96
3.92
3.62
3.57
4.52
3.79
3.26
2.91
3.60
3.16
2.08
0.40
0.43
0.39
0.44
0.41
0.42
0.44
0.39
0.38
0.35
0.44
0.43
0.34
0.47
0.35
0.34
0.43
0.42
0.34
0.34
0.39
0.46
0.40
0.39
0.49
0.42
0.36
0.45
0.97
5.68
7.49
4.03
0.74
3.46
4.26
2.94
3.37
2.50
3.68
2.88
3.07
4.44
3.72
2.73
2.96
2.12
2.86
3.99
2.92
3.72
3.01
2.62
3.21
3.42
3.87
4.66
2.72
2.41
4.03
4.41
3.38
3.27
3.26
2.60
3.66
3.30
3.76
3.29
2.92
3.39
3.68
3.23
3.37
3.65
3.66
3.01
3.44
3.98
0.71
0.45
0.54
0.41
0.42
0.41
0.42
0.44
0.40
0.43
0.35
0.37
0.49
0.44
0.40
0.38
0.39
0.34
0.37
0.41
0.40
0.40
0.44
0.44
0.42
0.44
0.43
0.36
0.35
2.38
6.32
5.62
3.58
1.09
4.12
5.19
2.89
3.59
4.06
3.67
3.45
4.37
4.03
3.20
2.41
2.83
2.96
2.68
4.99
3.03
2.26
3.59
3.09
3.38
3.20
3.09
4.24
4.66
2.57
3.98
2.10
2.56
2.74
3.52
4.29
3.84
3.02
2.71
2.78
3.81
3.53
2.92
2.58
3.07
4.35
4.46
3.96
4.04
2.17
0.36
0.35
0.38
0.34
0.35
0.40
0.34
0.40
0.37
0.38
0.44
0.39
0.44
0.41
0.41
0.42
0.43
0.50
0.58
0.50
0.50
0.48
0.43
0.37
0.35
0.41
0.40
0.38
0.49
4.34
6.92
5.20
2.33
2.25
4.14
2.88
3.43
3.38
4.06
3.50
3.45
4.01
3.31
3.93
3.05
2.59
3.46
2.74
3.84
3.41
2.49
2.89
4.04
3.36
3.61
3.44
2.30
3.44
3.72
3.53
4.90
3.63
1.71
3.98
4.63
1.69
3.10
4.27
2.55
4.31
4.08
3.01
2.86
3.67
2.40
2.28
4.74
1.86
2.42
0.38
0.33
2.47
2.26
2.19
2.20
2.22
2.24
2.22
2.21
2.23
2.24
2.22
2.24
2.25
2.24
2.23
2.19
2.22
2.22
2.27
2.22
2.22
2.24
2.22
2.23
2.20
2.23
2.23
2.26
2.25
2.22
2.21
2.25
2.27
2.24
2.22
2.25
2.21
2.23
2.21
2.21
2.21
2.25
2.22
2.22
2.21
2.23
2.25
2.23
2.22
2.21
2.25
2.33
2.33
2.29
2.32
2.31
2.34
2.27
2.22
2.16
2.12
2.14
2.14
2.14
1.38
0.38
0.40
0.38
0.42
0.41
0.39
0.32
0.33
2.27
2.18
2.18
0.34
0.34
3.00
2.22
2.20
1.37
0.34
0.35
2.63
2.24
2.22
2.21
2.22
2.23
2.22
2.22
2.17
0.35
0.34
0.33
0.34
0.35
0.47
0.34
0.34
0.39
0.34
0.35
0.40
0.35
0.40
0.36
0.34
0.39
0.40
0.34
0.34
0.34
0.35
0.33
0.35
0.34
0.55
0.35
0.34
0.38
0.35
0.35
0.38
0.35
0.35
2.23
2.18
2.20
2.23
2.23
2.21
2.21
2.14
2.13
2.13
2.15
2.13
2.14
2.14
2.11
2.14
2.13
2.16
2.14
2.13
2.16
2.12
1.24
0.39
0.33
0.34
0.38
0.35
0.33
0.35
0.39
0.40
0.55
0.34
0.40
0.34
0.33
0.39
0.35
0.33
0.39
0.34
0.34
0.38
0.35
0.33
0.39
0.34
0.34
0.34
0.34
0.34
0.34
0.34
0.36
0.34
0.33
0.41
0.37
0.58
0.57
0.46
0.34
0.54
0.34
0.33
0.55
0.39
0.39
0.40
0.34
0.38
0.43
0.43
0.42
0.39
0.36
0.38
0.46
0.33
0.39
0.34
0.33
0.42
1.23
2.24
2.22
2.21
2.21
2.25
2.12
2.15
2.12
2.14
2.17
2.15
2.13
2.18
2.13
2.14
2.16
2.11
2.13
2.16
2.13
2.14
2.18
0.89
0.36
0.37
0.40
0.34
0.43
0.35
0.38
0.35
0.34
0.38
0.34
0.34
0.38
0.38
0.34
0.39
0.34
0.34
0.39
0.34
0.49
0.55
0.38
0.33
0.35
0.33
0.40
0.35
0.38
0.37
0.39
0.39
0.38
0.41
0.33
0.37
0.33
0.34
0.37
0.34
0.34
0.38
0.34
0.33
0.34
0.35
0.33
0.36
0.35
0.39
0.35
0.33
0.38
0.34
0.35
0.37
0.33
0.36
0.41
0.35
0.35
1.98
2.22
2.19
2.24
2.21
2.15
2.14
2.11
2.13
2.18
2.16
2.15
2.15
2.14
2.10
2.15
2.16
2.21
2.14
2.13
2.16
2.13
2.16
0.40
0.33
0.35
0.37
0.39
0.39
0.39
0.40
0.43
0.41
0.41
0.45
0.33
0.34
0.46
0.41
0.39
0.41
0.33
0.40
0.36
0.34
0.43
0.37
0.40
0.39
0.34
0.33
0.43
0.40
0.40
0.44
0.34
0.38
0.47
0.40
0.42
0.45
0.35
0.34
0.39
0.44
0.32
0.52
0.35
0.33
0.35
0.34
0.34
0.46
0.34
0.35
0.34
0.33
0.38
0.34
0.34
0.38
0.35
0.33
0.39
0.34
3.02
2.20
2.19
2.18
2.22
2.15
2.13
2.13
2.13
2.13
2.17
2.12
2.12
2.13
2.13
2.13
2.14
2.12
2.17
2.11
0.65
0.39
0.34
0.44
0.41
0.38
0.36
0.41
0.35
0.34
0.35
0.34
0.38
0.33
0.34
0.42
0.34
0.34
0.38
0.34
0.35
0.36
0.35
3.53
7.25
2.86
0.92
2.33
3.61
2.74
2.27
2.70
4.25
1.38
2.89
3.22
0.59
2.73
1.18
0.43
2.11
0.57
0.86
1.56
0.41
0.38
0.44
0.34
0.81
5.37
8.92
2.33
0.43
3.72
3.32
2.27
3.67
2.59
1.97
2.19
2.17
2.35
2.41
1.32
0.98
1.60
0.57
1.44
1.08
0.60
0.33
0.35
0.38
0.34
4.37
6.15
1.18
2.65
3.46
2.20
3.03
1.71
3.40
4.14
2.52
3.08
2.71
1.04
1.95
1.36
0.97
2.04
0.68
1.83
1.14
1.21
1.55
0.80
1.97
3.13
2.40
1.62
1.52
1.40
1.31
1.30
1.27
1.22
1.21
1.22
1.21
1.18
1.17
1.21
1.19
1.17
1.09
0.33
0.38
0.35
0.38
0.33
0.34
1.32
0.39
0.35
0.44
0.34
0.40
0.44
0.47
0.44
0.51
0.34
0.34
0.34
0.40
0.37
0.34
0.38
0.43
0.48
0.39
0.39
0.39
0.38
1.06
8.68
2.86
0.47
1.17
2.84
3.33
2.80
2.85
1.93
2.59
3.68
1.64
3.00
1.68
1.37
2.88
0.89
1.41
1.89
0.51
2.41
0.51
2.13
0.69
1.91
2.70
1.66
0.76
0.80
1.01
0.82
1.03
0.97
0.94
1.11
0.89
1.11
1.00
0.95
1.10
0.90
1.11
0.41
0.39
0.34
0.34
0.38
0.44
0.83
6.66
2.35
0.91
1.77
3.26
3.12
2.57
2.06
1.88
2.88
2.05
1.28
1.79
0.94
2.40
1.71
0.40
2.58
1.72
0.50
1.93
1.59
0.89
2.04
1.70
1.18
1.75
1.50
0.81
1.66
1.08
1.20
1.37
1.19
1.54
1.03
1.64
1.15
1.61
1.06
1.68
1.27
1.16
1.19
0.94
1.03
1.04
0.91
1.02
0.98
0.93
1.10
0.95
0.99
1.07
0.91
2.62
2.87
2.89
3.25
3.34
3.35
3.44
3.63
3.83
3.94
4.08
3.84
3.52
3.23
2.97
2.74
2.60
2.52
2.49
2.51
2.50
2.50
2.49
2.51
2.57
2.59
2.16
2.13
2.55
2.38
2.33
2.34
2.68
2.44
2.37
2.44
2.34
2.42
2.50
2.32
2.47
2.40
2.39
2.50
2.41
2.74
2.89
2.92
3.15
3.35
3.35
3.36
3.37
3.47
3.58
3.63
3.83
3.83
4.09
4.17
4.16
4.29
4.36
4.41
4.55
4.59
4.60
4.75
4.90
5.07
5.10
5.04
5.02
5.32
5.57
5.60
5.60
5.79
5.71
5.76
5.69
5.66
5.76
5.66
5.15
5.10
4.95
4.51
4.59
4.15
4.28
4.05
4.02
4.06
3.74
3.98
2.19
2.16
2.13
2.11
2.14
2.15
2.11
2.12
2.13
2.13
2.14
2.13
2.13
2.15
2.14
2.11
2.33
2.33
2.41
2.58
2.35
2.44
2.44
2.39
2.42
2.46
2.33
2.47
2.40
2.41
2.47
2.37
2.68
2.86
2.82
3.07
3.25
3.27
3.22
3.27
3.51
3.65
3.66
3.73
3.82
3.97
4.12
4.04
4.20
4.20
4.38
4.39
4.51
4.49
4.57
4.81
4.64
4.82
4.95
5.18
5.11
5.13
5.22
5.39
5.48
5.79
5.75
5.44
5.35
5.47
4.62
5.47
5.26
5.10
5.16
5.15
5.20
5.18
5.25
5.17
5.31
5.30
5.26
5.37
5.24
5.43
5.33
5.45
5.25
5.40
5.55
5.44
5.49
5.66
5.71
5.65
5.56
5.73
5.75
5.67
5.74
5.80
5.60
5.82
5.94
5.91
5.96
5.99
5.63
5.82
5.92
6.06
5.94
5.70
5.78
5.92
5.88
5.92
5.92
5.92
5.79
5.77
5.52
5.83
5.71
5.64
5.86
5.22
5.52
5.47
5.62
5.46
5.39
5.21
5.58
5.41
5.53
5.38
5.28
5.27
5.20
5.31
5.46
5.21
5.44
5.18
5.37
5.20
5.41
5.14
5.33
5.15
5.50
5.16
5.42
5.14
5.15
5.41
5.18
5.48
5.18
5.40
5.15
5.28
5.30
5.11
5.35
5.20
5.31
4.96
5.38
5.14
5.23
5.43
4.94
5.28
5.06
5.17
5.10
5.33
5.48
5.09
5.32
4.86
5.38
4.93
4.93
5.28
4.95
5.07
4.96
5.24
5.12
5.32
4.97
4.93
5.44
5.04
5.34
4.90
5.21
5.06
5.18
5.24
4.93
5.52
4.89
5.26
4.96
5.38
5.27
5.10
5.07
4.99
5.36
5.07
5.32
5.12
5.27
5.18
5.04
5.36
4.91
5.47
5.19
5.29
4.96
5.13
5.24
4.79
5.35
4.95
5.18
5.06
5.26
5.28
4.89
5.38
4.93
5.40
5.09
5.22
5.47
5.40
5.54
5.24
5.47
5.64
5.70
5.81
5.76
5.81
6.03
5.81
5.93
6.11
5.95
5.92
6.22
6.20
5.98
6.09
6.19
6.25
6.44
6.49
6.49
6.33
6.45
6.36
6.66
6.60
6.54
6.87
6.51
6.47
6.74
6.77
6.70
6.94
6.71
6.80
7.06
6.72
6.94
6.91
7.23
7.24
7.14
7.04
7.44
7.27
7.04
7.19
7.33
7.43
7.18
7.41
7.39
7.52
7.74
7.17
7.57
7.45
7.43
7.39
7.55
7.50
7.55
7.51
7.63
7.78
7.45
7.67
7.79
7.85
7.85
7.84
7.77
8.00
8.16
8.02
8.03
5.37
0.34
0.35
0.40
0.34
0.40
0.37
0.36
0.42
0.36
0.36
0.36
0.37
0.41
0.35
0.34
0.54
0.46
0.38
0.41
0.37
0.39
0.38
0.42
0.34
0.35
0.39
0.44
0.37
0.43
0.41
0.38
0.41
0.47
0.38
0.39
0.43
0.44
0.42
0.46
0.39
0.34
0.44
0.39
0.39
0.35
0.42
0.40
0.41
0.38
0.40
0.36
0.37
0.37
0.47
0.35
0.40
0.37
0.35
0.41
0.46
0.37
0.37
0.38
0.38
0.37
0.38
0.39
0.38
0.42
0.45
0.37
0.38
0.40
0.35
0.36
0.40
0.37
0.37
0.41
0.41
0.39
0.41
0.41
0.40
0.40
0.41
0.35
0.36
0.41
0.37
0.37
0.40
0.38
0.36
0.42
0.37
0.51
0.42
0.36
0.36
0.39
0.39
0.36
0.37
0.40
0.38
0.37
0.39
0.39
0.36
0.43
0.41
0.38
0.37
0.39
0.38
0.37
0.61
3.68
1.84
0.51
0.45
1.74
1.28
1.05
0.82
0.44
0.47
0.37
0.39
0.53
0.39
0.38
0.37
0.40
0.37
0.36
0.40
0.40
0.36
0.41
0.40
0.36
0.46
0.39
0.37
0.38
0.41
1.95
6.48
2.25
0.50
0.93
1.80
1.83
0.54
0.41
0.44
0.41
0.36
0.41
0.40
0.35
0.37
0.38
0.37
0.37
0.41
0.39
0.36
0.41
0.42
0.36
0.36
0.39
0.36
0.36
0.42
0.60
3.54
5.89
1.35
0.43
2.23
1.94
1.48
0.51
0.38
0.40
0.36
0.37
0.37
0.38
0.42
0.36
0.36
0.35
0.36
0.40
0.38
0.41
0.36
0.45
0.41
0.39
0.36
0.41
0.41
0.37
1.57
5.72
4.95
1.76
0.49
1.74
2.95
2.08
0.43
0.36
0.37
0.40
0.35
0.35
0.53
0.36
0.36
0.41
0.36
0.35
0.39
0.38
0.35
0.36
0.41
0.36
0.36
0.41
0.38
0.35
0.46
3.12
8.38
3.42
0.82
1.93
2.21
2.34
1.98
0.38
0.39
0.40
0.44
0.44
0.42
0.36
0.36
0.40
0.40
0.36
0.39
0.41
0.35
0.36
0.41
0.36
0.37
0.39
0.38
0.35
0.38
0.39
0.34
0.34
0.38
0.33
0.34
0.38
0.37
0.34
0.39
0.38
0.34
0.34
0.38
0.33
0.34
0.39
0.33
0.34
0.39
0.37
0.34
0.35
0.38
0.34
0.33
0.36
0.37
0.33
2.68
6.48
6.09
4.47
1.16
4.49
3.15
2.30
1.78
3.44
4.15
3.41
3.03
3.14
2.87
2.23
3.98
3.40
2.70
4.69
3.28
1.35
4.48
3.29
3.01
3.63
2.90
3.12
4.63
2.53
2.78
3.21
2.76
3.25
2.59
3.69
2.69
2.63
3.33
3.09
4.10
3.39
2.60
3.21
3.42
3.12
2.83
2.27
3.24
2.82
0.37
0.33
0.34
0.45
0.40
0.36
0.39
0.40
0.34
0.38
0.44
0.33
0.33
0.40
0.36
0.35
0.39
0.37
0.34
0.37
0.39
0.35
0.35
0.38
0.37
0.35
0.42
0.41
0.65
5.58
7.23
4.92
1.35
1.69
3.63
3.42
2.67
3.77
4.39
4.05
2.56
2.28
3.34
3.16
3.72
4.36
4.18
3.01
3.97
2.95
1.43
4.03
4.87
2.96
3.74
3.48
2.35
4.65
4.69
2.04
3.69
3.54
3.81
4.59
2.89
3.02
4.29
3.88
3.72
3.01
4.34
4.33
4.53
3.27
3.31
4.03
2.49
4.70
2.02
0.39
0.39
0.34
0.34
0.38
0.33
0.33
0.43
0.45
0.34
0.37
0.37
0.34
0.35
0.38
0.34
0.36
0.39
0.36
0.35
0.38
0.38
0.34
0.38
0.33
0.35
0.33
0.35
1.51
6.10
8.42
4.09
0.95
3.21
3.35
3.10
3.03
2.80
3.78
3.40
2.50
2.73
3.27
3.64
3.79
3.30
3.36
3.23
2.74
2.78
2.79
3.06
3.48
2.72
3.05
3.30
3.16
4.66
3.61
2.21
3.67
2.18
2.01
3.06
3.48
3.56
4.07
3.33
3.65
4.06
3.83
4.38
3.64
3.51
3.29
2.29
2.21
3.69
0.38
0.34
0.33
0.33
0.37
0.34
0.35
0.36
0.33
0.35
0.39
0.33
0.36
0.36
0.33
0.34
0.33
0.34
0.34
0.35
0.42
0.41
0.33
0.34
0.38
0.34
0.40
0.43
0.37
3.07
6.04
5.40
2.24
2.16
4.51
3.07
3.64
3.96
2.92
3.13
3.16
3.57
3.18
3.59
4.04
3.16
3.74
4.31
2.79
2.83
4.17
4.11
2.64
4.67
5.11
3.32
2.64
3.30
2.25
1.83
4.00
3.67
2.16
4.34
3.29
1.54
4.12
2.06
2.52
4.58
3.86
3.25
4.05
2.33
0.78
5.06
4.26
1.94
2.78
0.34
0.35
0.38
0.34
0.34
0.38
0.33
0.34
0.34
0.34
0.34
0.34
0.34
0.40
0.35
0.34
0.38
0.33
0.34
0.37
0.34
0.35
0.39
0.33
0.34
0.40
0.33
0.35
0.70
5.66
8.28
5.35
2.15
3.71
5.02
2.50
4.21
3.84
3.54
3.48
3.71
4.02
3.49
2.86
3.05
3.10
4.50
3.79
2.94
3.23
2.49
3.30
3.68
2.61
2.67
3.86
2.97
2.96
4.10
3.06
2.74
3.61
3.38
2.27
3.89
4.79
1.53
2.96
3.54
1.70
4.32
4.49
4.25
3.57
2.97
3.43
2.93
1.82
1.33
0.36
0.34
0.34
0.39
0.34
0.33
0.34
0.40
0.34
0.38
0.35
0.34
0.34
0.39
0.39
0.34
0.48
0.45
0.38
0.39
0.45
0.40
0.41
0.38
0.40
0.40
0.39
0.39
2.14
6.37
7.09
3.68
0.72
3.44
4.71
4.03
3.93
3.61
4.18
3.08
4.11
4.77
1.89
1.92
2.61
4.14
4.21
3.46
2.86
1.73
2.66
4.71
4.26
3.37
3.53
2.21
2.24
4.69
5.09
3.60
3.26
3.77
4.09
4.01
3.15
2.65
2.41
3.29
4.31
2.91
2.47
3.01
3.05
3.12
3.62
3.16
2.22
3.71
0.40
0.40
0.38
0.40
0.47
0.43
0.41
0.40
0.35
0.35
0.52
0.39
0.40
0.41
0.43
0.39
0.43
0.38
0.34
0.43
0.36
0.47
0.38
0.39
0.38
0.42
0.46
0.45
0.48
3.26
6.12
5.92
3.75
1.71
4.52
3.55
2.52
1.98
3.33
3.44
2.42
2.87
4.17
4.00
2.45
3.85
3.97
2.83
3.25
3.95
3.80
4.77
2.86
2.71
3.33
2.95
2.59
2.44
4.77
3.32
3.65
3.79
3.43
3.64
3.04
3.61
4.01
3.75
4.31
2.95
1.77
3.44
2.75
3.25
4.95
2.44
3.04
3.14
1.62
0.33
0.36
0.39
0.34
0.46
0.37
0.39
0.35
0.33
0.40
0.33
0.34
0.43
0.38
0.34
0.38
0.38
0.35
0.34
0.36
0.36
0.34
0.38
0.40
0.34
0.45
0.40
0.44
0.92
5.53
7.92
4.98
0.42
3.16
4.79
1.27
3.07
2.32
4.16
3.89
3.35
4.55
3.72
3.69
4.15
4.06
3.69
3.09
3.80
3.65
4.28
4.33
4.01
4.54
3.72
2.90
3.94
5.08
3.50
5.08
3.50
2.83
4.74
3.19
3.56
4.08
3.07
3.33
3.40
5.12
3.31
2.54
2.86
2.46
4.51
3.16
2.55
4.41
1.28
0.37
0.36
0.43
0.43
0.37
0.51
0.38
0.35
0.38
0.40
0.36
0.35
0.40
0.37
0.34
0.45
0.41
0.33
0.34
0.36
0.37
0.41
0.45
0.43
0.37
0.35
0.43
0.41
2.32
6.57
6.61
3.53
0.76
3.98
3.60
3.95
3.63
3.05
3.00
2.37
3.30
4.61
3.17
3.15
2.15
2.75
3.78
1.69
4.19
4.09
1.85
4.25
4.40
3.08
4.25
3.37
1.83
2.64
3.44
3.74
3.35
3.85
3.03
3.02
3.19
1.09
3.62
4.53
2.94
3.76
2.47
3.31
4.56
3.95
4.19
3.86
2.76
2.55
0.37
0.33
0.44
2.25
2.20
2.20
2.22
2.21
2.25
2.25
2.23
2.21
2.22
2.21
2.22
2.21
2.25
2.27
2.23
2.32
2.26
2.22
2.27
2.23
2.22
2.21
2.29
2.24
2.29
2.30
2.23
2.22
2.22
2.25
2.20
2.25
2.23
2.21
2.22
2.21
2.21
2.21
2.24
2.21
2.22
2.20
2.24
2.20
2.21
2.24
2.20
2.24
2.25
2.27
2.29
2.32
2.34
2.31
2.34
2.29
2.22
2.21
0.48
0.40
0.32
0.38
0.33
0.35
0.43
0.34
0.38
0.34
0.34
0.35
0.39
0.34
0.37
0.38
0.34
0.34
0.39
0.33
0.34
0.38
0.37
4.51
10.40
2.95
0.39
5.65
4.78
3.48
3.18
2.71
2.51
3.20
1.79
0.66
2.57
1.80
1.65
1.91
0.76
2.36
1.74
0.50
3.06
1.61
0.65
3.52
0.44
1.81
1.46
0.70
2.66
0.35
0.38
0.37
0.34
0.37
0.39
2.08
8.84
3.10
1.74
3.09
3.25
3.32
3.62
3.88
2.99
1.66
3.56
0.99
2.29
3.60
0.52
3.51
2.99
0.40
3.85
2.07
1.61
2.21
1.27
1.72
3.10
1.60
1.08
2.12
0.85
1.21
2.08
0.48
2.55
0.52
2.61
0.42
2.55
0.87
2.15
1.45
1.56
2.51
0.51
1.83
1.07
0.84
1.25
1.07
1.10
1.31
0.96
1.41
1.05
1.21
1.29
3.12
3.14
3.04
3.33
3.68
3.52
3.64
3.96
4.07
4.27
4.36
4.65
4.61
4.35
4.07
3.81
3.57
3.29
3.13
2.99
2.82
2.75
2.81
2.72
2.78
2.86
2.91
2.30
2.24
2.53
3.26
2.12
2.67
3.57
2.21
2.26
2.33
2.23
2.41
2.26
2.40
2.36
2.31
2.45
2.28
2.51
2.28
2.69
2.58
2.94
3.13
3.06
3.35
3.49
3.42
3.53
3.65
3.70
4.03
4.04
4.18
4.14
4.28
4.47
4.46
4.52
4.68
4.78
4.97
5.00
5.18
5.19
5.53
5.58
5.67
5.73
5.89
5.73
5.92
5.97
6.01
6.16
6.13
6.23
6.46
6.53
6.58
6.27
5.84
5.90
5.40
5.27
5.25
4.76
5.14
4.54
4.69
4.57
4.32
4.50
2.15
2.17
2.15
2.13
2.14
2.13
2.13
2.15
2.12
2.14
2.18
2.16
2.11
2.15
2.42
2.29
2.32
3.17
2.14
2.27
2.43
2.27
2.44
2.33
2.38
2.43
2.31
2.50
2.32
2.49
2.37
2.52
2.75
2.65
3.14
3.06
3.04
3.35
3.47
3.48
3.61
3.79
3.82
4.01
4.10
4.23
4.29
4.26
4.33
4.39
4.65
4.63
4.68
4.95
4.84
5.10
5.36
5.29
5.41
5.48
5.58
5.65
5.75
5.86
5.90
6.02
6.24
6.41
6.22
5.99
5.99
5.95
5.50
5.93
5.57
5.83
5.63
5.97
5.73
5.98
5.72
5.82
5.82
5.86
5.75
5.87
5.87
5.99
5.98
6.09
6.28
6.02
6.20
6.10
6.22
6.20
6.06
6.26
6.19
6.29
6.20
6.24
6.52
6.56
6.43
6.46
6.46
6.37
6.49
6.44
6.52
6.19
6.59
6.94
6.65
6.26
6.58
6.71
6.32
6.62
6.59
6.29
6.49
6.08
6.26
6.47
6.02
6.82
6.18
6.51
6.27
6.11
6.46
6.13
6.37
6.05
6.36
6.08
6.56
6.17
6.06
6.17
6.30
6.24
6.37
6.15
5.94
6.40
5.94
6.23
6.16
6.14
5.99
6.18
5.96
6.15
6.04
6.45
6.17
6.18
6.02
6.08
6.19
6.23
6.05
6.13
5.89
6.11
6.04
5.90
6.11
6.04
6.21
5.90
6.20
5.79
6.24
5.90
6.20
6.04
6.25
5.81
6.18
5.85
6.21
6.00
6.23
6.00
6.06
6.21
5.77
6.24
5.84
6.13
5.70
6.16
5.74
6.04
6.21
6.01
6.00
6.01
6.20
5.97
6.27
5.86
6.27
5.93
5.97
5.86
5.72
6.13
5.79
6.18
5.83
6.29
5.88
5.97
6.19
5.89
6.24
5.70
6.29
5.89
6.09
5.98
5.81
6.22
5.72
6.05
5.88
5.98
6.03
5.80
5.85
5.78
6.30
5.82
6.08
6.20
5.81
6.43
6.08
6.36
6.42
6.37
6.59
6.48
6.48
6.82
6.77
6.35
7.08
6.90
6.76
6.95
7.18
6.85
6.82
7.05
7.15
7.20
7.55
7.25
7.11
7.19
7.25
7.31
7.41
7.51
7.80
7.56
7.41
7.96
7.64
7.68
7.81
7.78
7.84
7.86
8.10
7.94
8.01
8.09
8.05
7.88
7.96
8.11
7.95
8.14
8.36
8.22
8.33
8.79
8.52
8.28
8.40
8.47
8.54
8.62
8.49
8.78
8.51
8.66
8.58
8.95
8.70
9.05
9.17
9.08
8.93
9.05
9.26
9.10
8.97
9.20
9.25
9.33
9.22
9.32
9.29
9.54
9.58
5.70
0.35
0.33
0.37
0.34
0.34
0.35
0.34
0.35
0.34
0.34
0.37
0.34
0.33
0.39
0.33
0.34
0.45
0.34
0.34
0.38
0.34
0.34
0.36
0.34
0.35
0.34
0.33
0.38
0.34
0.34
0.41
0.34
0.35
0.39
0.34
0.34
0.38
0.34
0.33
0.38
0.35
0.35
0.33
0.33
0.38
0.43
0.40
0.45
0.41
0.42
0.46
0.42
0.41
0.45
0.41
0.42
0.43
0.41
0.42
0.42
0.41
0.42
0.42
0.41
0.42
0.41
0.41
0.47
0.40
0.42
0.39
0.35
0.35
0.38
0.35
0.37
0.38
0.35
0.37
0.37
0.36
0.37
0.35
0.35
0.41
0.35
0.36
0.41
0.35
0.35
0.39
0.36
0.36
0.42
0.34
0.37
0.39
0.44
2.67
3.94
0.89
1.13
0.69
1.78
2.12
0.77
0.42
0.44
0.41
0.40
0.44
0.41
0.42
0.44
0.42
0.42
0.42
0.42
0.42
0.42
0.41
0.46
0.42
0.40
0.42
0.41
0.39
0.42
0.90
4.66
2.35
0.50
0.57
2.09
1.80
0.73
0.41
0.36
0.38
0.37
0.35
0.41
0.36
0.36
0.38
0.36
0.37
0.39
0.36
0.36
0.41
0.35
0.35
0.36
0.37
0.42
0.42
0.41
0.46
2.62
7.04
2.03
0.51
1.74
2.01
1.92
1.32
0.43
0.42
0.42
0.45
0.41
0.42
0.42
0.41
0.46
0.41
0.41
0.47
0.41
0.42
0.44
0.40
0.36
0.39
0.35
0.37
0.42
0.34
0.77
4.63
7.18
2.58
0.42
2.36
2.54
1.45
1.01
0.40
0.35
0.36
0.40
0.35
0.35
0.38
0.35
0.36
0.38
0.36
0.35
0.36
0.44
0.42
0.41
0.40
0.43
0.41
0.39
0.44
0.43
2.38
7.63
4.87
1.75
2.15
3.32
2.75
2.12
0.43
0.40
0.46
0.40
0.42
0.42
0.42
0.45
0.41
0.42
0.44
0.49
0.37
0.41
0.35
0.36
0.41
0.36
0.36
0.37
0.34
0.33
0.33
0.34
0.38
0.32
0.34
0.38
0.33
0.34
0.37
0.33
0.33
0.36
0.33
0.34
0.36
0.35
0.34
0.36
0.35
0.33
0.33
0.42
0.37
0.33
0.34
0.36
0.33
0.33
0.38
1.79
6.37
7.64
5.35
0.43
2.13
4.76
3.10
3.83
2.82
2.97
2.99
2.85
3.28
2.85
2.97
3.47
3.15
3.07
2.68
1.69
2.54
3.69
3.45
2.54
1.60
2.91
3.24
1.44
2.40
3.84
2.17
4.15
4.20
2.95
3.31
3.60
3.76
3.39
3.38
2.97
3.18
4.18
2.81
2.53
3.71
3.28
4.29
4.04
2.65
0.41
0.34
0.33
0.36
0.33
0.33
0.38
0.34
0.32
0.38
0.35
0.33
0.33
0.34
0.33
0.34
0.34
0.39
0.35
0.34
0.38
0.34
0.34
0.36
0.34
0.34
0.40
0.34
0.42
3.17
6.22
5.79
2.31
0.87
3.74
4.70
2.99
2.29
4.14
2.91
3.22
2.37
3.01
4.37
3.49
3.09
3.41
3.41
3.25
3.17
3.71
2.94
3.44
3.82
3.86
2.81
3.10
3.62
3.83
2.43
3.30
3.78
2.35
2.98
3.63
1.47
3.75
4.76
1.64
4.40
5.24
1.93
3.41
3.74
3.41
2.57
3.99
4.14
1.02
0.33
0.37
0.34
0.33
0.34
0.34
0.33
0.34
0.33
0.35
0.35
0.31
0.39
0.34
0.32
0.36
0.35
0.32
0.38
0.35
0.34
0.38
0.35
0.31
0.33
0.33
0.34
0.34
0.74
6.28
7.71
5.90
1.40
1.91
4.44
3.70
3.40
2.05
3.26
4.20
2.41
4.15
2.71
2.67
3.59
2.87
2.62
3.63
3.02
3.16
3.34
3.39
3.02
3.11
3.60
3.13
2.89
5.11
3.53
3.67
4.05
3.72
2.46
3.03
4.59
4.10
3.33
3.22
3.39
3.64
2.57
1.71
1.94
3.16
4.86
3.44
2.68
3.48
0.92
0.33
0.33
0.34
0.34
0.37
0.33
0.32
0.36
0.34
0.35
0.37
0.34
0.33
0.39
0.33
0.33
0.33
0.33
0.33
0.33
0.34
0.39
0.33
0.33
0.41
0.34
0.34
0.36
2.36
6.68
6.51
3.34
0.42
2.81
5.02
3.63
2.95
3.58
3.14
2.70
4.81
4.35
3.11
2.49
3.47
4.18
2.67
2.83
3.04
2.26
2.61
3.19
3.93
4.52
3.62
4.15
4.08
3.00
3.34
4.26
2.77
2.77
3.17
2.74
3.99
3.38
2.75
2.24
3.17
4.27
4.34
3.53
3.59
3.17
2.32
3.33
4.35
2.45
0.37
0.35
0.37
0.38
0.35
0.34
0.35
0.34
0.33
0.35
0.35
0.34
0.37
0.36
0.34
0.37
0.37
0.34
0.32
0.37
0.33
0.34
0.39
0.32
0.34
0.38
0.37
0.34
0.53
4.68
6.52
7.39
1.71
0.48
4.27
2.75
3.84
2.81
3.61
3.98
3.58
2.72
2.20
3.01
3.43
3.40
3.55
3.19
2.67
2.67
3.01
3.86
3.84
2.63
3.43
3.71
3.73
4.32
3.81
3.10
3.01
2.63
4.79
4.26
1.87
3.73
3.21
3.37
4.85
3.27
3.04
3.20
3.74
3.18
2.85
3.48
2.37
2.80
2.44
0.39
0.34
0.36
0.36
0.34
0.33
0.37
0.34
0.34
0.37
0.37
0.34
0.37
0.37
0.34
0.34
0.37
0.40
0.33
0.37
0.38
0.33
0.37
0.38
0.34
0.34
0.39
0.34
1.37
6.20
7.98
4.65
0.59
2.49
5.49
3.72
3.58
3.96
2.85
2.09
3.91
4.20
3.78
3.49
3.38
3.09
2.75
1.80
4.79
4.18
3.23
3.06
2.66
4.01
4.17
3.24
4.13
3.70
3.57
3.49
2.39
3.54
3.78
2.60
2.17
4.08
3.11
2.47
4.21
3.49
2.11
4.48
2.26
3.48
3.87
2.03
3.51
3.21
0.38
0.39
0.37
0.34
0.37
0.36
0.34
0.34
0.36
0.34
0.33
0.37
0.37
0.34
0.36
0.37
0.34
0.37
0.39
0.33
0.34
0.38
0.34
0.33
0.39
0.36
0.34
0.39
0.39
2.87
6.33
8.91
3.01
0.82
4.94
3.30
2.81
3.82
2.85
3.30
2.31
2.93
3.76
3.50
3.41
2.79
4.62
3.80
2.03
4.63
3.85
3.22
4.17
3.55
3.70
3.31
2.71
2.12
3.10
4.03
4.29
3.92
3.65
3.31
2.42
3.30
4.26
2.66
2.38
3.51
3.46
5.03
4.02
2.61
3.07
3.19
3.74
3.60
4.09
0.35
0.38
0.38
0.36
0.33
0.38
0.36
0.33
0.34
0.43
0.37
0.34
0.38
0.36
0.33
0.37
0.39
0.34
0.38
0.39
0.34
0.36
0.38
0.33
0.34
0.38
0.37
0.34
0.76
5.51
7.92
4.76
2.03
4.08
5.22
3.00
2.12
2.09
4.76
3.28
2.37
4.01
3.82
2.70
2.94
2.70
3.17
3.40
3.01
3.58
2.68
2.03
3.42
3.25
3.44
4.61
3.82
2.92
2.63
1.89
2.84
3.00
2.85
4.34
2.03
1.84
3.56
2.97
3.41
4.73
3.48
2.62
2.88
4.00
4.06
2.73
3.44
2.43
1.09
0.34
0.34
0.37
0.38
0.35
0.37
0.37
0.33
0.33
0.36
0.34
0.34
0.38
0.36
0.33
0.38
0.36
0.33
0.35
0.36
0.33
0.33
0.36
0.35
0.34
0.38
0.36
0.34
1.96
6.50
8.07
4.09
0.82
3.88
4.35
2.64
3.93
4.05
4.37
2.28
2.42
4.19
3.18
3.68
3.41
2.60
3.71
3.91
2.59
2.16
3.43
3.71
2.66
3.87
3.39
1.37
4.11
4.85
2.89
4.95
2.42
3.80
4.41
3.33
4.73
1.71
2.52
3.64
3.08
4.86
3.24
2.58
3.70
4.32
3.66
3.33
3.02
1.25
0.40
0.35
0.33
2.80
2.19
2.20
2.19
2.18
2.19
2.23
2.21
2.25
2.23
2.22
2.21
2.23
2.22
2.21
2.22
2.22
2.19
2.20
2.23
2.25
2.27
2.23
2.22
2.21
2.23
2.22
2.20
2.26
2.23
2.22
2.21
2.23
2.21
2.19
2.22
2.22
2.23
2.26
2.21
2.20
2.24
2.23
2.20
2.25
2.25
2.22
2.26
2.23
2.22
2.25
2.27
2.21
2.26
2.26
2.22
2.32
2.33
2.31
2.32
2.34
2.25
2.23
2.25
2.27
0.33
0.34
0.36
0.34
0.32
0.35
0.33
0.32
0.38
0.40
0.33
0.37
0.37
0.33
0.33
0.37
0.33
0.33
0.37
0.38
0.33
0.33
0.59
6.68
4.24
3.03
2.84
4.16
4.81
4.40
3.47
2.96
2.66
2.41
1.17
0.48
2.29
1.39
2.04
2.06
0.68
1.23
2.64
0.74
1.25
2.44
1.66
1.92
1.24
1.25
2.72
0.46
1.28
1.73
0.52
2.37
0.50
2.55
0.43
2.87
0.56
2.17
1.99
1.30
2.69
0.60
1.96
1.13
1.04
1.27
1.27
1.05
1.40
1.15
1.20
1.40
1.08
1.37
3.49
3.01
3.31
3.41
3.52
3.79
3.95
3.93
3.91
4.09
4.34
4.74
5.07
4.80
4.43
4.02
3.68
3.47
3.32
3.22
3.09
2.99
2.90
2.83
2.76
2.77
2.84
2.80
2.18
2.17
2.37
2.74
2.40
2.40
3.36
2.26
2.31
2.44
2.34
2.42
2.45
2.36
2.53
2.30
2.45
2.40
2.43
2.75
2.71
3.11
3.14
3.15
3.44
3.60
3.61
3.62
3.76
3.85
4.03
4.12
4.32
4.36
4.41
4.63
4.49
4.64
4.73
4.74
4.91
5.04
5.22
5.21
5.44
5.41
5.75
5.76
5.79
6.00
6.00
5.95
5.99
6.19
6.54
6.75
6.98
7.06
7.07
6.98
6.81
6.51
6.55
6.84
6.87
6.13
6.38
6.23
5.77
5.85
5.47
5.43
5.28
5.04
4.98
4.62
2.89
2.17
2.19
2.14
2.15
2.17
2.14
2.13
2.14
2.15
2.15
2.18
2.16
2.16
2.56
2.11
2.32
3.61
2.16
2.58
2.63
2.23
2.33
2.35
2.34
2.46
2.32
2.48
2.32
2.43
2.41
2.49
2.82
2.71
3.03
3.17
3.09
3.29
3.46
3.54
3.64
3.81
3.96
4.04
4.14
4.24
4.16
4.17
4.27
4.36
4.53
4.53
4.71
4.83
4.95
5.02
5.05
5.25
5.28
5.40
5.48
5.47
5.49
5.77
5.86
6.09
6.31
6.34
6.36
6.46
6.56
6.48
6.24
6.05
6.32
6.16
5.83
6.13
5.90
5.89
5.88
6.00
5.95
6.01
5.93
6.08
5.98
6.01
5.99
5.97
6.00
6.11
6.09
6.04
6.11
6.25
6.06
6.14
6.33
6.22
6.36
6.29
6.19
6.19
6.33
6.26
6.23
6.29
6.36
6.05
6.17
6.15
6.02
5.94
6.00
6.01
6.26
6.08
6.19
5.89
5.99
6.27
6.08
6.38
5.93
6.20
6.18
6.06
6.06
6.32
6.24
5.95
6.40
6.11
6.17
6.33
5.69
6.23
6.11
6.09
5.83
5.75
6.12
5.68
6.02
5.78
6.17
5.91
5.71
5.73
5.87
5.78
5.88
5.98
5.82
5.84
5.90
5.99
5.79
6.00
5.82
6.02
5.64
5.97
5.65
5.65
5.65
5.63
5.92
5.72
5.94
5.86
5.91
5.43
5.81
5.51
5.83
5.41
5.80
5.61
5.98
5.85
5.74
5.66
5.55
5.81
5.66
5.91
5.52
5.90
5.59
5.76
5.62
5.64
5.56
5.55
5.71
5.37
5.96
5.47
5.84
5.59
5.76
5.54
5.77
5.76
5.52
5.82
5.40
5.97
5.54
5.78
5.72
5.56
5.80
5.53
5.80
5.58
5.77
5.68
5.79
5.63
5.56
5.96
5.28
5.95
5.52
5.59
5.51
5.56
5.91
5.54
5.79
5.59
5.73
5.77
5.56
5.81
5.41
5.66
5.39
5.72
5.68
5.60
5.76
5.41
5.96
5.66
5.87
6.05
5.67
6.19
5.98
5.96
6.25
6.01
6.23
6.32
6.04
6.58
6.43
6.11
6.37
6.69
6.50
6.39
6.70
6.65
6.60
6.37
6.55
6.86
7.02
6.72
6.76
6.86
6.79
6.87
6.83
6.96
7.05
6.83
7.03
6.94
7.14
7.24
7.13
7.17
7.17
7.34
7.20
7.78
7.34
7.29
7.44
7.37
7.10
7.47
7.56
7.63
7.52
7.72
7.58
7.73
7.68
7.77
7.92
7.46
8.09
7.68
7.76
7.99
7.86
7.85
7.91
7.70
7.77
7.96
8.16
7.95
8.03
7.88
7.72
7.78
8.25
7.67
7.85
7.71
7.67
7.68
7.75
7.54
7.78
7.76
7.79
7.58
7.65
7.31
7.53
7.46
7.27
7.26
7.55
7.60
7.38
7.13
7.11
7.22
7.24
7.40
7.27
6.84
6.78
6.84
6.91
6.75
6.76
6.51
6.76
6.85
6.82
6.72
6.61
6.71
6.58
6.62
6.59
6.48
6.80
6.51
6.30
5.89
6.47
6.39
5.88
6.09
6.25
5.99
6.17
6.33
6.20
6.04
6.12
6.26
6.10
5.94
6.14
6.18
6.12
6.12
6.17
6.07
6.16
6.26
6.09
6.14
6.07
6.28
6.05
6.23
6.27
5.95
6.22
6.46
6.01
6.12
6.58
6.22
6.22
6.25
6.25
5.95
6.13
7.40
6.89
6.91
6.88
6.60
7.00
6.97
6.72
7.06
6.85
6.76
6.87
7.10
6.58
6.82
7.00
6.72
6.76
6.81
6.85
6.83
6.72
6.91
6.47
7.01
6.61
6.72
6.89
6.86
6.54
6.83
6.67
6.78
6.72
6.95
6.88
6.79
6.88
6.73
6.69
6.94
6.93
6.63
6.26
6.43
6.36
6.04
6.39
6.40
6.27
6.22
6.52
6.20
6.27
6.35
6.19
6.24
6.23
6.51
6.13
6.06
6.33
6.17
6.28
6.40
6.34
6.01
6.25
6.27
6.11
6.37
6.39
6.22
6.20
6.49
6.20
6.22
6.45
6.12
6.30
6.27
6.23
6.05
6.28
6.42
7.36
6.91
6.89
6.76
6.60
6.70
6.87
6.69
6.77
6.87
6.58
6.54
6.76
7.01
6.67
6.62
6.91
6.88
6.68
6.90
6.78
6.59
6.58
6.65
6.53
6.51
6.63
6.69
6.56
6.61
6.81
6.70
6.51
6.59
6.60
6.51
6.49
6.68
6.63
6.54
6.65
6.78
6.61
6.04
6.34
6.28
6.21
6.26
6.37
6.25
6.03
6.22
6.20
6.12
6.20
6.37
6.31
6.16
6.35
6.32
6.05
5.91
5.97
5.91
5.76
5.84
6.11
6.00
5.90
6.10
6.06
5.96
6.05
6.18
6.15
6.05
6.24
6.11
6.09
6.25
6.51
6.28
6.14
6.00
6.12
6.92
6.61
6.57
6.57
6.51
6.48
6.63
6.63
6.59
6.67
6.73
6.57
6.66
6.63
6.60
6.32
6.49
6.60
6.68
6.57
6.63
6.80
6.65
6.65
6.67
6.56
6.39
6.52
6.68
6.83
6.76
6.58
6.88
6.75
6.48
6.70
6.70
6.67
6.81
6.61
6.53
6.47
6.64
6.46
6.02
6.07
6.05
6.31
6.27
5.99
6.23
6.23
6.26
5.89
6.19
6.13
5.90
6.00
6.11
6.15
5.90
6.05
6.33
6.21
6.11
6.11
6.19
6.24
6.02
5.96
6.10
6.09
6.17
6.04
6.19
6.25
6.05
6.08
6.11
6.02
6.05
6.13
6.08
5.91
6.01
6.95
6.82
6.66
6.49
6.83
6.50
6.64
6.60
6.63
6.55
6.54
6.84
6.64
6.60
6.68
6.71
6.63
6.51
6.65
6.72
6.66
6.70
6.47
6.69
6.53
6.63
6.74
6.72
6.58
6.62
6.71
6.59
6.80
6.53
6.67
6.47
6.63
6.58
6.72
6.79
6.53
6.62
6.81
6.04
5.91
6.18
6.11
6.20
5.87
6.23
6.09
5.93
6.01
6.14
6.06
6.18
6.11
6.29
6.22
6.10
6.20
6.20
6.10
6.12
6.10
6.16
5.98
5.91
6.05
6.16
5.93
5.90
5.99
6.17
5.82
6.01
6.36
6.18
6.05
5.91
6.37
6.12
6.02
5.96
6.23
7.32
6.63
6.62
6.71
6.73
6.36
6.53
6.77
6.72
6.54
6.55
6.84
6.74
6.55
6.52
6.54
6.60
6.50
6.58
6.64
6.77
6.61
6.58
6.65
6.75
6.36
6.37
6.59
6.61
6.42
6.53
6.57
6.49
6.45
6.57
6.48
6.53
6.42
6.58
6.63
6.46
6.47
6.42
6.02
5.90
5.77
6.00
6.06
5.90
5.89
6.03
6.09
5.69
6.19
5.99
5.91
5.97
6.12
6.15
5.97
5.88
6.26
5.80
5.91
6.26
5.82
6.00
5.67
6.03
6.20
5.56
5.68
6.00
5.99
6.07
6.15
5.66
5.82
5.81
6.35
6.22
6.04
5.95
6.28
5.73
6.61
6.75
6.81
6.37
6.35
6.61
6.53
6.42
6.43
6.38
6.79
6.31
6.85
6.70
6.68
6.52
6.40
6.41
6.33
6.55
6.47
6.35
6.54
6.62
6.43
6.54
6.61
6.39
6.44
6.63
6.54
6.33
6.41
6.75
6.49
6.47
6.58
6.57
6.38
6.50
6.52
6.43
6.29
6.04
5.99
5.76
5.97
6.10
5.92
5.87
6.08
5.87
5.79
6.00
5.88
5.86
5.96
6.28
5.89
6.04
6.09
5.85
6.06
5.91
5.96
5.98
5.89
6.12
6.06
5.85
6.01
6.02
5.84
5.84
6.08
6.23
5.69
6.07
6.05
6.01
5.82
6.08
5.86
5.87
5.94
6.67
6.77
6.53
6.58
6.64
6.45
6.36
6.54
6.58
6.46
6.58
6.62
6.46
6.57
6.53
6.52
6.44
6.58
6.58
6.58
6.63
6.35
6.18
6.27
6.64
6.72
6.67
6.72
6.69
6.61
6.44
6.65
6.41
6.29
6.28
6.40
6.34
6.20
6.48
6.53
6.49
6.47
6.60
5.94
5.78
5.89
5.89
5.74
5.83
5.88
5.86
5.81
5.92
6.12
5.97
6.02
6.20
6.09
5.87
5.91
6.04
6.01
6.07
6.15
6.07
5.93
5.92
6.06
5.94
5.89
5.94
5.85
5.74
5.87
6.01
5.91
5.78
5.80
6.02
5.85
5.90
6.08
6.05
6.01
6.01
6.60
6.75
6.50
6.64
6.47
6.27
6.29
6.41
6.40
6.31
6.48
6.51
6.34
6.41
6.54
6.50
6.41
6.55
6.58
6.47
6.44
6.63
6.52
6.41
6.45
6.54
6.38
6.47
6.56
6.55
6.52
6.50
6.59
6.48
6.50
6.65
6.56
6.47
6.52
6.57
6.44
6.33
6.43
5.84
5.66
5.62
5.80
5.81
5.70
5.81
5.82
6.21
6.11
5.86
5.73
5.50
5.79
6.00
6.18
6.15
6.31
6.11
5.54
5.91
6.35
5.81
5.83
6.42
6.14
5.87
5.51
6.23
5.80
5.47
5.83
6.03
5.79
5.60
6.05
6.29
5.78
5.70
5.90
5.61
5.96
6.62
6.55
6.46
6.27
6.75
6.52
6.57
6.58
6.66
6.32
6.43
6.49
6.66
6.37
6.56
6.57
6.53
6.37
6.64
6.68
6.31
6.70
6.40
6.51
6.48
6.57
6.44
6.63
6.44
6.47
6.58
6.46
6.34
6.35
6.42
6.27
6.31
6.03
6.05
5.82
5.94
6.00
6.15
5.80
6.04
6.10
6.02
5.87
5.90
5.90
5.88
5.98
6.22
6.74
6.46
6.45
6.66
6.37
6.23
6.51
6.55
6.53
6.39
6.51
6.49
6.46
6.46
6.60
6.76
6.49
6.40
6.39
6.59
6.55
6.57
6.62
6.63
6.30
6.49
6.61
6.54
6.32
6.45
6.48
6.18
6.27
6.62
6.65
6.49
6.27
6.51
6.56
6.51
6.60
6.52
5.93
6.01
5.96
6.08
5.90
5.67
6.24
5.93
5.98
5.80
6.19
5.99
5.62
5.66
5.97
5.92
5.84
5.93
6.15
6.04
5.91
6.01
6.33
6.06
5.89
6.01
6.05
5.94
5.65
6.17
5.91
5.83
5.87
6.06
5.73
5.91
5.66
6.01
5.84
5.74
5.90
6.01
6.10
6.58
6.51
6.57
6.29
6.41
6.61
6.44
6.37
6.34
6.56
6.50
6.40
6.43
6.53
6.47
6.42
6.58
6.73
6.30
6.52
6.40
6.55
6.46
6.49
6.63
6.57
6.50
6.27
6.49
6.63
6.48
6.40
6.58
6.33
6.49
6.48
6.57
6.51
6.43
6.39
6.57
6.59
6.10
5.85
6.02
5.94
5.84
5.89
5.90
5.91
5.75
5.78
5.90
5.88
5.76
5.87
5.79
5.97
5.71
5.99
6.00
5.71
5.48
5.90
5.89
5.86
5.77
6.17
5.90
5.54
5.94
6.35
5.99
5.69
6.03
5.86
5.85
5.85
5.80
5.93
5.71
5.72
6.09
5.70
5.30
2.21
2.17
2.15
2.16
2.13
2.14
2.15
2.18
2.12
2.15
2.13
2.13
2.15
2.11
2.13
2.16
2.12
2.13
2.14
2.14
2.17
2.16
2.13
1.64
0.36
0.34
0.39
0.37
0.32
0.34
0.37
0.32
0.33
0.37
0.38
0.33
0.36
0.38
0.33
0.35
0.36
0.32
0.33
0.37
0.31
0.32
0.37
0.37
0.32
0.37
0.37
0.33
0.32
0.38
0.32
0.30
0.38
0.37
0.32
0.35
0.36
0.32
0.32
0.37
0.32
0.66
3.84
0.44
0.41
0.75
1.60
0.95
0.46
1.68
1.79
0.65
0.53
1.67
1.62
0.75
0.53
1.40
1.69
0.89
0.48
1.66
1.43
0.63
0.32
0.34
0.35
0.31
0.37
0.36
0.34
0.33
0.35
0.30
0.51
0.37
0.36
0.32
0.37
0.36
0.32
0.33
0.36
0.32
0.34
0.38
1.36
4.21
2.01
0.86
0.47
1.02
1.63
0.96
0.40
1.60
1.61
1.10
0.42
1.23
1.62
0.61
0.48
1.56
1.39
0.86
0.45
1.31
0.79
0.35
0.32
0.32
0.35
0.32
0.31
0.36
0.34
0.30
0.35
0.34
0.32
0.32
0.35
0.33
0.31
0.34
0.36
0.31
0.35
0.36
0.32
2.15
3.22
1.08
1.16
1.38
0.78
1.49
1.23
1.26
1.59
0.91
1.30
1.40
0.82
1.47
1.14
1.40
1.12
1.02
1.43
1.01
1.15
0.35
0.33
0.37
0.31
0.33
0.35
0.36
0.32
0.31
0.37
0.32
0.32
0.34
0.37
0.34
0.36
0.37
0.33
0.31
0.37
0.34
0.36
0.61
3.22
1.45
1.08
1.25
1.17
1.25
1.25
0.99
1.19
1.24
1.11
1.13
0.79
0.48
0.52
0.48
0.48
0.52
0.85
0.55
1.14
0.41
0.41
0.41
0.42
0.36
0.72
0.41
0.37
0.31
0.38
0.36
0.33
0.34
0.36
0.32
0.31
0.35
0.35
0.30
0.36
0.37
0.31
0.31
0.35
0.31
0.32
0.40
0.33
0.30
0.35
0.37
0.31
0.31
0.36
0.32
0.28
0.31
0.34
0.29
0.31
0.34
0.27
0.28
0.34
0.28
0.29
0.32
0.42
0.37
0.36
0.40
0.33
0.40
0.34
0.28
0.28
0.33
0.34
0.32
0.34
0.27
0.29
0.33
0.31
0.28
0.34
0.35
0.27
0.28
0.28
0.27
0.35
0.31
0.30
0.31
0.44
0.41
0.32
0.27
0.33
0.36
0.28
0.29
0.34
0.28
0.28
0.32
0.37
0.28
0.41
0.41
0.33
0.34
0.36
0.31
0.34
0.33
0.32
0.27
0.32
0.33
0.28
0.38
0.41
0.33
0.30
0.33
0.33
0.28
0.32
0.30
0.28
0.27
0.33
0.28
0.28
0.34
0.28
0.28
0.30
0.32
0.27
0.32
0.29
0.27
0.28
0.34
0.29
0.29
0.34
0.27
0.28
0.33
0.32
0.27
0.33
0.35
0.27
0.28
0.33
0.27
0.28
0.32
0.31
0.28
0.32
0.31
0.29
0.27
0.31
0.28
0.27
0.33
0.30
0.28
0.32
0.34
0.28
0.32
0.32
0.38
0.38
0.33
0.26
0.27
0.32
0.34
0.28
0.34
0.34
0.28
0.27
0.33
0.27
0.33
0.33
0.37
0.27
0.33
0.32
0.27
0.28
0.31
0.27
0.28
0.31
0.26
0.29
0.31
0.31
0.28
0.37
0.32
0.27
0.29
0.31
0.29
0.28
0.31
0.32
0.29
0.34
0.32
0.27
0.28
0.34
0.27
0.28
0.33
0.32
0.28
0.31
0.33
0.29
0.28
0.34
0.27
0.26
0.34
0.32
0.27
0.40
0.34
0.28
0.34
0.34
0.26
0.28
0.32
0.27
0.28
0.33
0.30
0.29
0.32
0.32
0.29
0.28
0.33
0.28
0.28
0.35
0.28
0.27
0.32
0.32
0.28
0.33
0.31
0.28
0.29
0.32
0.28
0.28
0.32
0.32
0.27
0.33
0.32
0.32
0.28
0.31
0.27
0.28
0.33
0.32
0.31
0.33
0.34
0.29
0.28
0.38
0.28
0.27
0.30
0.29
0.27
0.32
0.32
0.27
0.31
0.34
0.27
0.28
0.33
0.27
0.27
0.34
0.31
0.29
0.34
0.34
0.27
0.28
0.32
0.27
0.28
0.33
0.28
0.28
0.32
0.32
0.28
0.29
0.30
0.28
0.28
0.32
0.27
0.29
0.32
0.34
0.29
0.32
0.34
0.28
0.28
0.32
0.29
0.28
0.35
0.32
0.29
0.31
0.31
0.27
0.35
0.34
0.28
0.27
0.31
0.27
0.28
0.31
0.32
0.29
0.31
0.32
0.29
0.28
0.31
0.27
0.27
0.33
0.31
0.27
0.34
0.32
0.27
0.29
0.33
0.28
0.28
0.35
0.32
0.29
0.33
0.32
0.34
0.32
0.34
0.27
0.27
0.34
0.27
0.28
0.32
0.30
0.28
0.31
0.32
0.34
0.28
0.33
0.27
0.28
0.33
0.33
0.28
0.29
0.33
0.27
0.29
0.31
0.26
0.27
0.32
0.31
0.28
0.33
0.33
0.27
0.29
0.32
0.28
0.28
0.32
0.29
0.28
0.31
0.32
0.27
0.32
0.32
0.27
0.28
0.34
0.28
0.27
0.32
0.34
0.29
0.32
0.33
0.28
0.28
0.41
0.33
0.29
0.34
0.34
0.27
0.28
0.34
0.29
0.27
0.32
0.28
0.27
0.33
0.34
0.28
0.33
0.33
0.28
0.28
0.32
0.27
0.27
0.34
0.34
0.27
0.33
0.34
0.27
0.27
0.33
0.28
0.27
0.31
0.30
0.28
0.30
0.34
0.27
0.28
0.31
0.33
0.28
0.34
0.31
0.27
0.34
0.33
0.28
0.29
0.33
0.28
0.30
0.32
0.32
0.28
0.30
0.33
0.27
0.27
0.38
0.28
0.28
0.31
0.31
0.28
0.33
0.31
0.27
0.27
0.34
0.27
0.28
0.32
0.28
0.29
0.32
0.31
0.29
0.33
0.33
0.27
0.27
0.34
0.27
0.28
0.35
0.32
0.27
0.33
0.32
0.28
0.28
0.34
0.27
0.27
0.31
0.31
0.38
0.32
0.36
0.27
0.28
0.31
0.28
0.35
0.33
0.27
0.27
0.32
0.31
0.28
0.29
0.33
0.28
0.26
0.33
0.30
0.27
0.33
0.33
0.27
0.29
0.32
0.28
0.28
0.26
0.21
0.17
0.25
0.23
0.16
0.19
0.23
0.16
0.16
0.24
0.22
0.17
0.23
0.33
0.31
0.20
0.25
0.18
0.16
0.24
0.24
0.15
0.24
0.32
0.18
0.17
0.25
0.18
0.16
0.23
0.24
0.16
0.23
0.24
0.17
0.18
0.23
0.17
0.16
0.25
0.24
0.17
0.24
0.24
0.17
0.18
0.25
0.17
0.17
0.24
0.23
0.16
0.24
0.24
0.17
0.18
0.25
0.19
0.18
0.23
0.23
0.17
0.23
0.25
0.17
0.18
0.25
0.17
0.29
0.26
0.23
0.16
0.21
0.23
0.15
0.17
0.24
0.15
0.18
0.23
0.24
0.17
0.25
0.25
0.15
0.17
0.24
0.16
0.17
0.25
0.23
0.16
0.25
0.25
0.16
0.19
0.26
0.21
0.17
0.39
0.24
0.17
0.20
0.23
0.16
0.17
0.25
0.24
0.15
0.25
0.25
0.17
0.21
0.35
0.16
0.16
0.25
0.23
0.16
0.25
0.24
0.17
0.17
0.25
0.17
0.16
0.25
0.26
0.16
0.24
0.25
0.17
0.19
0.24
0.16
0.16
0.23
0.23
0.17
0.24
0.24
0.18
0.17
0.25
0.17
0.16
0.24
0.25
0.15
0.23
0.26
0.17
0.18
0.23
0.17
0.17
0.24
0.25
0.26
0.24
0.26
0.18
0.17
0.25
0.15
0.16
0.24
0.23
0.17
0.24
0.25
0.17
0.17
0.23
0.23
0.18
0.24
0.24
0.16
0.17
0.31
0.16
0.16
0.24
0.23
0.17
0.24
0.23
0.16
0.19
0.24
0.18
0.17
0.25
0.17
0.20
0.23
0.27
0.16
0.18
0.25
0.16
0.22
0.30
0.26
0.18
0.24
0.23
0.18
0.17
0.23
0.17
0.16
0.24
0.24
0.17
0.24
0.25
0.16
0.19
0.25
0.20
0.17
0.24
0.23
0.18
0.24
0.23
0.16
0.18
0.24
0.17
0.16
0.24
0.24
0.16
0.24
0.22
0.17
0.17
0.23
0.18
0.18
0.24
0.22
0.17
0.24
0.23
0.16
0.18
0.25
0.16
0.15
0.24
0.25
0.17
0.25
0.24
0.17
0.18
0.24
0.18
0.17
0.23
0.24
0.17
0.21
0.24
0.17
0.16
0.23
0.19
0.16
0.24
0.24
0.16
0.19
0.24
0.18
0.19
0.23
0.20
0.18
0.23
0.25
0.17
0.19
0.23
0.15
0.17
0.23
0.22
0.17
0.25
0.26
0.16
0.19
0.24
0.18
0.17
0.25
0.24
0.17
0.22
0.24
0.15
0.17
0.25
0.22
0.17
0.23
0.25
0.16
0.19
0.23
0.18
0.17
0.24
0.23
0.16
0.24
0.25
0.15
0.18
0.25
0.16
0.16
0.25
0.23
0.16
0.24
0.23
0.18
0.16
0.24
0.18
0.17
0.24
0.25
0.17
0.24
0.23
0.17
0.17
0.24
0.21
0.17
0.25
0.24
0.16
0.17
0.23
0.18
0.17
0.24
0.25
0.17
0.24
0.25
0.16
0.17
0.24
0.16
0.17
0.23
0.22
0.18
0.24
0.22
0.18
0.18
0.25
0.18
0.15
0.22
0.24
0.16
0.24
0.23
0.17
0.20
0.30
0.16
0.20
0.24
0.23
0.19
0.24
0.25
0.16
0.16
0.23
0.17
0.16
0.26
0.22
0.16
0.24
0.26
0.16
0.18
0.24
0.18
0.18
0.24
0.23
0.17
0.23
0.25
0.16
0.18
0.24
0.20
0.17
0.25
0.25
0.16
0.19
0.24
0.17
0.25
0.24
0.23
0.17
0.25
0.23
0.17
0.22
0.25
0.16
0.15
0.25
0.21
0.18
0.26
0.24
0.16
0.24
0.23
0.16
0.17
0.24
0.23
0.19
0.24
0.25
0.16
0.21
0.25
0.16
0.16
0.25
0.24
0.16
0.25
0.24
0.16
0.18
0.24
0.18
0.17
0.25
0.26
0.16
0.25
0.25
0.16
0.16
0.26
0.16
0.16
0.25
0.15
0.17
0.25
0.24
0.17
0.17
0.24
0.35
0.27
0.26
0.25
0.15
0.24
0.25
0.15
0.17
0.32
0.16
0.19
0.23
0.22
0.17
0.25
0.23
0.17
0.19
0.24
0.19
0.18
0.25
0.24
0.17
0.24
0.25
0.16
0.18
0.24
0.17
0.18
0.23
0.23
0.17
0.25
0.25
0.19
0.18
0.25
0.21
0.17
0.26
0.24
0.16
0.18
0.24
0.15
0.19
0.25
0.14
0.20
0.26
0.25
0.30
0.25
0.27
0.17
0.16
0.26
0.24
0.16
0.26
0.24
0.15
0.19
0.23
0.20
0.17
0.24
0.25
0.17
0.18
0.24
0.16
0.17
0.25
0.21
0.17
0.25
0.24
0.15
0.19
0.24
0.15
0.18
0.31
0.23
0.16
0.24
0.24
0.15
0.17
0.25
0.16
0.17
0.25
0.24
0.16
0.30
0.23
0.17
0.18
0.24
0.24
0.17
0.23
0.24
0.16
0.20
0.23
0.15
0.16
0.26
0.20
0.18
0.25
0.23
0.15
0.19
0.23
0.18
0.19
0.25
0.17
0.17
0.24
0.17
0.16
0.23
0.26
0.16
0.18
0.26
0.24
0.16
0.24
0.25
0.18
0.17
0.24
0.18
0.17
0.23
0.30
0.15
0.25
0.26
0.16
0.18
0.24
0.16
0.18
0.24
0.23
0.18
0.19
0.24
0.18
0.18
0.25
0.20
0.17
0.25
0.24
0.16
0.22
0.23
0.16
0.17
0.24
0.23
0.18
0.24
0.23
0.18
0.17
0.24
0.20
0.17
0.25
0.25
0.17
0.23
0.24
0.17
0.18
0.23
0.21
0.27
0.26
0.23
0.18
0.25
0.24
0.17
0.17
0.25
0.24
0.15
0.26
0.24
0.15
0.18
0.25
0.18
0.19
0.25
0.24
0.18
0.24
0.24
0.18
0.16
0.26
0.20
0.17
0.24
0.25
0.16
0.20
0.25
0.17
0.17
0.25
0.24
0.17
0.25
0.25
0.18
0.16
0.25
0.15
0.16
0.32
0.24
0.17
0.25
0.23
0.16
0.18
0.25
0.16
0.17
0.23
0.22
0.17
0.31
0.24
0.16
0.18
0.26
0.16
0.17
0.24
0.20
0.15
0.25
0.23
0.17
0.19
0.24
0.17
0.15
0.24
0.24
0.17
0.25
0.31
0.33
0.18
0.25
0.16
0.18
0.24
0.23
0.17
0.23
0.23
0.30
0.17
0.25
0.40
0.18
0.25
0.22
0.15
0.25
0.26
0.16
0.18
0.26
0.17
0.17
0.25
0.24
0.21
0.26
